#
# There is insufficient memory for the Java Runtime Environment to continue.
# Native memory allocation (mmap) failed to map 32505856 bytes for Failed to commit area from 0x0000000089800000 to 0x000000008b700000 of length 32505856.
# Possible reasons:
#   The system is out of physical RAM or swap space
#   The process is running with CompressedOops enabled, and the Java Heap may be blocking the growth of the native heap
# Possible solutions:
#   Reduce memory load on the system
#   Increase physical memory or swap space
#   Check if swap backing store is full
#   Decrease Java heap size (-Xmx/-Xms)
#   Decrease number of Java threads
#   Decrease Java thread stack sizes (-Xss)
#   Set larger code cache with -XX:ReservedCodeCacheSize=
#   JVM is running with Unscaled Compressed Oops mode in which the Java heap is
#     placed in the first 4GB address space. The Java Heap base address is the
#     maximum limit for the native heap growth. Please use -XX:HeapBaseMinAddress
#     to set the Java Heap base and to place the Java Heap above 4GB virtual address.
# This output file may be truncated or incomplete.
#
#  Out of Memory Error (./src/hotspot/os/windows/os_windows.cpp:3301), pid=23832, tid=11916
#
# JRE version: OpenJDK Runtime Environment (11.0.10) (build 11.0.10+0-b96-7249189)
# Java VM: OpenJDK 64-Bit Server VM (11.0.10+0-b96-7249189, mixed mode, tiered, compressed oops, g1 gc, windows-amd64)
# No core dump will be written. Minidumps are not enabled by default on client versions of Windows
#

---------------  S U M M A R Y ------------

Command Line: --add-opens=java.base/java.util=ALL-UNNAMED --add-opens=java.base/java.lang=ALL-UNNAMED --add-opens=java.base/java.lang.invoke=ALL-UNNAMED --add-opens=java.base/java.util=ALL-UNNAMED --add-opens=java.prefs/java.util.prefs=ALL-UNNAMED --add-opens=java.prefs/java.util.prefs=ALL-UNNAMED --add-opens=java.base/java.nio.charset=ALL-UNNAMED --add-opens=java.base/java.net=ALL-UNNAMED --add-opens=java.base/java.util.concurrent.atomic=ALL-UNNAMED -Xmx2048m -Dfile.encoding=UTF-8 -Duser.country=US -Duser.language=en -Duser.variant org.gradle.launcher.daemon.bootstrap.GradleDaemon 7.0.2

Host: Intel(R) Core(TM) i5-8265U CPU @ 1.60GHz, 8 cores, 7G,  Windows 10 , 64 bit Build 19041 (10.0.19041.1566)
Time: Wed Mar 16 14:11:57 2022 Romance Standard Time elapsed time: 10.024383 seconds (0d 0h 0m 10s)

---------------  T H R E A D  ---------------

Current thread (0x0000022de1719800):  VMThread "VM Thread" [stack: 0x0000004c66100000,0x0000004c66200000] [id=11916]

Stack: [0x0000004c66100000,0x0000004c66200000]
[error occurred during error reporting (printing stack bounds), id 0xc0000005, EXCEPTION_ACCESS_VIOLATION (0xc0000005) at pc=0x0000022dc9d70f2d]

Native frames: (J=compiled Java code, j=interpreted, Vv=VM code, C=native code)
V  [jvm.dll+0x5ecfaa]
V  [jvm.dll+0x722bd5]
V  [jvm.dll+0x72412d]
V  [jvm.dll+0x724745]
V  [jvm.dll+0x7246fb]
V  [jvm.dll+0x5ec348]
V  [jvm.dll+0x5ecad8]
C  [ntdll.dll+0xa20cf]
C  [ntdll.dll+0x51454]
C  [ntdll.dll+0xa0bfe]
C  0x0000022dc9d70f2d

VM_Operation (0x0000004c6a1f9a20): G1CollectForAllocation, mode: safepoint, requested by thread 0x0000022de4077000


---------------  P R O C E S S  ---------------

Threads class SMR info:
_java_thread_list=0x0000022de4ff5c30, length=63, elements={
0x0000022dc4ab5000, 0x0000022de0ef7000, 0x0000022de0f00800, 0x0000022de1765800,
0x0000022de1766800, 0x0000022de1769000, 0x0000022de176c000, 0x0000022de176d000,
0x0000022de1772800, 0x0000022de18d2000, 0x0000022de3bf5800, 0x0000022de19a7800,
0x0000022de1d3b800, 0x0000022de3739000, 0x0000022de412b000, 0x0000022de3760800,
0x0000022de2eb5000, 0x0000022de306f800, 0x0000022de3070800, 0x0000022de3ebd000,
0x0000022de3ebe000, 0x0000022de3ebe800, 0x0000022de3eb9000, 0x0000022de3eba800,
0x0000022de3ebb800, 0x0000022de3ebc800, 0x0000022de3ebf800, 0x0000022de3eba000,
0x0000022de52f6000, 0x0000022de55ef000, 0x0000022de70dd800, 0x0000022de70dc800,
0x0000022de70e4000, 0x0000022de70e2800, 0x0000022de70de800, 0x0000022de70e1000,
0x0000022de70e1800, 0x0000022de70e5000, 0x0000022de70df000, 0x0000022de70eb800,
0x0000022de70ea000, 0x0000022de70e9000, 0x0000022de70ea800, 0x0000022de70e5800,
0x0000022de70e6800, 0x0000022de70e7800, 0x0000022de70e8000, 0x0000022de88e5000,
0x0000022de88e2000, 0x0000022de88e1000, 0x0000022de88e6000, 0x0000022de88e4800,
0x0000022de88e2800, 0x0000022de88e7000, 0x0000022de88e3800, 0x0000022de4077000,
0x0000022de4078000, 0x0000022de4078800, 0x0000022de4075800, 0x0000022de4079800,
0x0000022de407a800, 0x0000022de4074800, 0x0000022de407b000
}

Java Threads: ( => current thread )
  0x0000022dc4ab5000 JavaThread "main" [_thread_blocked, id=4516, stack(0x0000004c65b00000,0x0000004c65c00000)]
  0x0000022de0ef7000 JavaThread "Reference Handler" daemon [_thread_blocked, id=20384, stack(0x0000004c66200000,0x0000004c66300000)]
  0x0000022de0f00800 JavaThread "Finalizer" daemon [_thread_blocked, id=21412, stack(0x0000004c66300000,0x0000004c66400000)]
  0x0000022de1765800 JavaThread "Signal Dispatcher" daemon [_thread_blocked, id=6104, stack(0x0000004c66400000,0x0000004c66500000)]
  0x0000022de1766800 JavaThread "Attach Listener" daemon [_thread_blocked, id=22296, stack(0x0000004c66500000,0x0000004c66600000)]
  0x0000022de1769000 JavaThread "Service Thread" daemon [_thread_blocked, id=14536, stack(0x0000004c66600000,0x0000004c66700000)]
  0x0000022de176c000 JavaThread "C2 CompilerThread0" daemon [_thread_blocked, id=11244, stack(0x0000004c66700000,0x0000004c66800000)]
  0x0000022de176d000 JavaThread "C1 CompilerThread0" daemon [_thread_blocked, id=21868, stack(0x0000004c66800000,0x0000004c66900000)]
  0x0000022de1772800 JavaThread "Sweeper thread" daemon [_thread_blocked, id=17520, stack(0x0000004c66900000,0x0000004c66a00000)]
  0x0000022de18d2000 JavaThread "Common-Cleaner" daemon [_thread_blocked, id=9568, stack(0x0000004c66a00000,0x0000004c66b00000)]
  0x0000022de3bf5800 JavaThread "Daemon health stats" [_thread_blocked, id=20948, stack(0x0000004c67000000,0x0000004c67100000)]
  0x0000022de19a7800 JavaThread "Incoming local TCP Connector on port 65122" [_thread_in_native, id=18240, stack(0x0000004c66c00000,0x0000004c66d00000)]
  0x0000022de1d3b800 JavaThread "Daemon periodic checks" [_thread_blocked, id=14112, stack(0x0000004c66d00000,0x0000004c66e00000)]
  0x0000022de3739000 JavaThread "Daemon" [_thread_blocked, id=12104, stack(0x0000004c67100000,0x0000004c67200000)]
  0x0000022de412b000 JavaThread "Handler for socket connection from /127.0.0.1:65122 to /127.0.0.1:65123" [_thread_in_native, id=15888, stack(0x0000004c67200000,0x0000004c67300000)]
  0x0000022de3760800 JavaThread "Cancel handler" [_thread_blocked, id=24272, stack(0x0000004c67300000,0x0000004c67400000)]
  0x0000022de2eb5000 JavaThread "Daemon worker" [_thread_blocked, id=20648, stack(0x0000004c67400000,0x0000004c67500000)]
  0x0000022de306f800 JavaThread "Asynchronous log dispatcher for DefaultDaemonConnection: socket connection from /127.0.0.1:65122 to /127.0.0.1:65123" [_thread_blocked, id=21208, stack(0x0000004c67500000,0x0000004c67600000)]
  0x0000022de3070800 JavaThread "Stdin handler" [_thread_blocked, id=8028, stack(0x0000004c67600000,0x0000004c67700000)]
  0x0000022de3ebd000 JavaThread "Daemon client event forwarder" [_thread_blocked, id=22796, stack(0x0000004c67700000,0x0000004c67800000)]
  0x0000022de3ebe000 JavaThread "Cache worker for file hash cache (C:\Users\2001r\.gradle\caches\7.0.2\fileHashes)" [_thread_blocked, id=15276, stack(0x0000004c67d00000,0x0000004c67e00000)]
  0x0000022de3ebe800 JavaThread "File lock request listener" [_thread_in_native, id=3336, stack(0x0000004c67e00000,0x0000004c67f00000)]
  0x0000022de3eb9000 JavaThread "Cache worker for journal cache (C:\Users\2001r\.gradle\caches\journal-1)" [_thread_blocked, id=12628, stack(0x0000004c68000000,0x0000004c68100000)]
  0x0000022de3eba800 JavaThread "Cache worker for file hash cache (C:\Users\2001r\Documents\School\Bachelor 3\Semester 2\EE5\buddy\.gradle\7.0.2\fileHashes)" [_thread_blocked, id=16304, stack(0x0000004c68100000,0x0000004c68200000)]
  0x0000022de3ebb800 JavaThread "File watcher server" daemon [_thread_blocked, id=23860, stack(0x0000004c68200000,0x0000004c68300000)]
  0x0000022de3ebc800 JavaThread "File watcher consumer" daemon [_thread_blocked, id=24084, stack(0x0000004c68300000,0x0000004c68400000)]
  0x0000022de3ebf800 JavaThread "Cache worker for checksums cache (C:\Users\2001r\Documents\School\Bachelor 3\Semester 2\EE5\buddy\.gradle\checksums)" [_thread_blocked, id=3028, stack(0x0000004c68400000,0x0000004c68500000)]
  0x0000022de3eba000 JavaThread "Cache worker for cache directory md-supplier (C:\Users\2001r\.gradle\caches\7.0.2\md-supplier)" [_thread_blocked, id=3412, stack(0x0000004c68500000,0x0000004c68600000)]
  0x0000022de52f6000 JavaThread "C2 CompilerThread1" daemon [_thread_in_native, id=6676, stack(0x0000004c68600000,0x0000004c68700000)]
  0x0000022de55ef000 JavaThread "C2 CompilerThread2" daemon [_thread_blocked, id=13744, stack(0x0000004c68700000,0x0000004c68800000)]
  0x0000022de70dd800 JavaThread "Cache worker for cache directory md-rule (C:\Users\2001r\.gradle\caches\7.0.2\md-rule)" [_thread_blocked, id=9852, stack(0x0000004c68800000,0x0000004c68900000)]
  0x0000022de70dc800 JavaThread "Cache worker for execution history cache (C:\Users\2001r\.gradle\caches\7.0.2\executionHistory)" [_thread_blocked, id=22212, stack(0x0000004c68900000,0x0000004c68a00000)]
  0x0000022de70e4000 JavaThread "jar transforms" [_thread_blocked, id=1648, stack(0x0000004c68a00000,0x0000004c68b00000)]
  0x0000022de70e2800 JavaThread "jar transforms Thread 2" [_thread_blocked, id=21500, stack(0x0000004c68b00000,0x0000004c68c00000)]
  0x0000022de70de800 JavaThread "Cache worker for file content cache (C:\Users\2001r\.gradle\caches\7.0.2\fileContent)" [_thread_blocked, id=17160, stack(0x0000004c68c00000,0x0000004c68d00000)]
  0x0000022de70e1000 JavaThread "Cache worker for dependencies-accessors (C:\Users\2001r\Documents\School\Bachelor 3\Semester 2\EE5\buddy\.gradle\7.0.2\dependencies-accessors)" [_thread_blocked, id=21856, stack(0x0000004c68d00000,0x0000004c68e00000)]
  0x0000022de70e1800 JavaThread "jar transforms Thread 3" [_thread_blocked, id=22432, stack(0x0000004c68e00000,0x0000004c68f00000)]
  0x0000022de70e5000 JavaThread "Cache worker for Build Output Cleanup Cache (C:\Users\2001r\Documents\School\Bachelor 3\Semester 2\EE5\buddy\.gradle\buildOutputCleanup)" [_thread_blocked, id=17028, stack(0x0000004c68f00000,0x0000004c69000000)]
  0x0000022de70df000 JavaThread "Build operations" [_thread_blocked, id=17024, stack(0x0000004c69000000,0x0000004c69100000)]
  0x0000022de70eb800 JavaThread "Build operations Thread 2" [_thread_blocked, id=20260, stack(0x0000004c69100000,0x0000004c69200000)]
  0x0000022de70ea000 JavaThread "Build operations Thread 3" [_thread_blocked, id=13280, stack(0x0000004c69200000,0x0000004c69300000)]
  0x0000022de70e9000 JavaThread "Build operations Thread 4" [_thread_blocked, id=13848, stack(0x0000004c69300000,0x0000004c69400000)]
  0x0000022de70ea800 JavaThread "Build operations Thread 5" [_thread_blocked, id=21808, stack(0x0000004c69400000,0x0000004c69500000)]
  0x0000022de70e5800 JavaThread "Build operations Thread 6" [_thread_blocked, id=19756, stack(0x0000004c69500000,0x0000004c69600000)]
  0x0000022de70e6800 JavaThread "Build operations Thread 7" [_thread_blocked, id=10716, stack(0x0000004c69600000,0x0000004c69700000)]
  0x0000022de70e7800 JavaThread "Build operations Thread 8" [_thread_blocked, id=15816, stack(0x0000004c69700000,0x0000004c69800000)]
  0x0000022de70e8000 JavaThread "jar transforms Thread 4" [_thread_blocked, id=23812, stack(0x0000004c69800000,0x0000004c69900000)]
  0x0000022de88e5000 JavaThread "jar transforms Thread 5" [_thread_blocked, id=3384, stack(0x0000004c69900000,0x0000004c69a00000)]
  0x0000022de88e2000 JavaThread "jar transforms Thread 6" [_thread_blocked, id=20964, stack(0x0000004c69a00000,0x0000004c69b00000)]
  0x0000022de88e1000 JavaThread "jar transforms Thread 7" [_thread_blocked, id=3824, stack(0x0000004c69b00000,0x0000004c69c00000)]
  0x0000022de88e6000 JavaThread "jar transforms Thread 8" [_thread_blocked, id=2336, stack(0x0000004c69c00000,0x0000004c69d00000)]
  0x0000022de88e4800 JavaThread "Memory manager" [_thread_blocked, id=17912, stack(0x0000004c69d00000,0x0000004c69e00000)]
  0x0000022de88e2800 JavaThread "build event listener" [_thread_blocked, id=23396, stack(0x0000004c69e00000,0x0000004c69f00000)]
  0x0000022de88e7000 JavaThread "pool-3-thread-1" [_thread_blocked, id=2940, stack(0x0000004c69f00000,0x0000004c6a000000)]
  0x0000022de88e3800 JavaThread "build event listener" [_thread_blocked, id=24492, stack(0x0000004c6a000000,0x0000004c6a100000)]
  0x0000022de4077000 JavaThread "Execution worker for ':'" [_thread_blocked, id=16884, stack(0x0000004c6a100000,0x0000004c6a200000)]
  0x0000022de4078000 JavaThread "Execution worker for ':' Thread 2" [_thread_blocked, id=2136, stack(0x0000004c6a200000,0x0000004c6a300000)]
  0x0000022de4078800 JavaThread "Execution worker for ':' Thread 3" [_thread_blocked, id=10288, stack(0x0000004c6a300000,0x0000004c6a400000)]
  0x0000022de4075800 JavaThread "Execution worker for ':' Thread 4" [_thread_blocked, id=1820, stack(0x0000004c6a400000,0x0000004c6a500000)]
  0x0000022de4079800 JavaThread "Execution worker for ':' Thread 5" [_thread_blocked, id=15796, stack(0x0000004c6a500000,0x0000004c6a600000)]
  0x0000022de407a800 JavaThread "Execution worker for ':' Thread 6" [_thread_blocked, id=20720, stack(0x0000004c6a600000,0x0000004c6a700000)]
  0x0000022de4074800 JavaThread "Execution worker for ':' Thread 7" [_thread_blocked, id=16020, stack(0x0000004c6a700000,0x0000004c6a800000)]
  0x0000022de407b000 JavaThread "Cache worker for execution history cache (C:\Users\2001r\Documents\School\Bachelor 3\Semester 2\EE5\buddy\.gradle\7.0.2\executionHistory)" [_thread_blocked, id=21356, stack(0x0000004c6a800000,0x0000004c6a900000)]

Other Threads:
=>0x0000022de1719800 VMThread "VM Thread" [stack: 0x0000004c66100000,0x0000004c66200000] [id=11916]
  0x0000022de18f1000 WatcherThread [stack: 0x0000004c66b00000,0x0000004c66c00000] [id=16044]
  0x0000022dc4ac8000 GCTaskThread "GC Thread#0" [stack: 0x0000004c65c00000,0x0000004c65d00000] [id=20160]
  0x0000022de1e7d800 GCTaskThread "GC Thread#1" [stack: 0x0000004c66e00000,0x0000004c66f00000] [id=9520]
  0x0000022de2654800 GCTaskThread "GC Thread#2" [stack: 0x0000004c66f00000,0x0000004c67000000] [id=3840]
  0x0000022de318c000 GCTaskThread "GC Thread#3" [stack: 0x0000004c67800000,0x0000004c67900000] [id=24264]
  0x0000022de411a800 GCTaskThread "GC Thread#4" [stack: 0x0000004c67900000,0x0000004c67a00000] [id=6044]
  0x0000022de3221800 GCTaskThread "GC Thread#5" [stack: 0x0000004c67a00000,0x0000004c67b00000] [id=4328]
  0x0000022de32ee800 GCTaskThread "GC Thread#6" [stack: 0x0000004c67b00000,0x0000004c67c00000] [id=15488]
  0x0000022de241e000 GCTaskThread "GC Thread#7" [stack: 0x0000004c67c00000,0x0000004c67d00000] [id=16160]
  0x0000022dc4afc800 ConcurrentGCThread "G1 Main Marker" [stack: 0x0000004c65d00000,0x0000004c65e00000] [id=20740]
  0x0000022dc4afd800 ConcurrentGCThread "G1 Conc#0" [stack: 0x0000004c65e00000,0x0000004c65f00000] [id=15572]
  0x0000022de3843800 ConcurrentGCThread "G1 Conc#1" [stack: 0x0000004c67f00000,0x0000004c68000000] [id=22948]
  0x0000022dc4b8e000 ConcurrentGCThread "G1 Refine#0" [stack: 0x0000004c65f00000,0x0000004c66000000] [id=2340]
  0x0000022de0d4b800 ConcurrentGCThread "G1 Young RemSet Sampling" [stack: 0x0000004c66000000,0x0000004c66100000] [id=1852]

Threads with active compile tasks:
C2 CompilerThread0  10037 8829       4       org.apache.xerces.dom.DeferredDocumentImpl::getNodeObject (511 bytes)
C2 CompilerThread1  10037 8722       4       org.apache.xerces.parsers.AbstractDOMParser::startElement (883 bytes)
C2 CompilerThread2  10037 8314   !   4       java.nio.file.FileTreeWalker::next (144 bytes)

VM state:at safepoint (normal execution)

VM Mutex/Monitor currently owned by a thread:  ([mutex/lock_event])
[0x0000022dc4ab0cd0] Threads_lock - owner thread: 0x0000022de1719800
[0x0000022dc4ab1f60] Heap_lock - owner thread: 0x0000022de4077000

Heap address: 0x0000000080000000, size: 2048 MB, Compressed Oops mode: 32-bit
Narrow klass base: 0x0000000000000000, Narrow klass shift: 3
Compressed class space size: 1073741824 Address: 0x0000000100000000

Heap:
 garbage-first heap   total 187392K, used 79452K [0x0000000080000000, 0x0000000100000000)
  region size 1024K, 9 young (9216K), 9 survivors (9216K)
 Metaspace       used 82683K, capacity 84981K, committed 85068K, reserved 1122304K
  class space    used 10721K, capacity 11541K, committed 11596K, reserved 1048576K
Heap Regions: E=young(eden), S=young(survivor), O=old, HS=humongous(starts), HC=humongous(continues), CS=collection set, F=free, A=archive, TAMS=top-at-mark-start (previous, next)
|   0|0x0000000080000000, 0x0000000080100000, 0x0000000080100000|100%| O|  |TAMS 0x0000000080100000, 0x0000000080000000| Untracked 
|   1|0x0000000080100000, 0x0000000080200000, 0x0000000080200000|100%| O|  |TAMS 0x0000000080200000, 0x0000000080100000| Untracked 
|   2|0x0000000080200000, 0x0000000080300000, 0x0000000080300000|100%| O|  |TAMS 0x0000000080300000, 0x0000000080200000| Untracked 
|   3|0x0000000080300000, 0x0000000080400000, 0x0000000080400000|100%|HS|  |TAMS 0x0000000080400000, 0x0000000080300000| Complete 
|   4|0x0000000080400000, 0x0000000080500000, 0x0000000080500000|100%|HC|  |TAMS 0x0000000080500000, 0x0000000080400000| Complete 
|   5|0x0000000080500000, 0x0000000080600000, 0x0000000080600000|100%|HC|  |TAMS 0x0000000080600000, 0x0000000080500000| Complete 
|   6|0x0000000080600000, 0x0000000080700000, 0x0000000080700000|100%| O|  |TAMS 0x0000000080700000, 0x0000000080600000| Untracked 
|   7|0x0000000080700000, 0x0000000080800000, 0x0000000080800000|100%| O|  |TAMS 0x0000000080800000, 0x0000000080700000| Untracked 
|   8|0x0000000080800000, 0x0000000080900000, 0x0000000080900000|100%| O|  |TAMS 0x0000000080900000, 0x0000000080800000| Untracked 
|   9|0x0000000080900000, 0x0000000080a00000, 0x0000000080a00000|100%| O|  |TAMS 0x0000000080a00000, 0x0000000080900000| Untracked 
|  10|0x0000000080a00000, 0x0000000080b00000, 0x0000000080b00000|100%| O|  |TAMS 0x0000000080b00000, 0x0000000080a00000| Untracked 
|  11|0x0000000080b00000, 0x0000000080c00000, 0x0000000080c00000|100%| O|  |TAMS 0x0000000080c00000, 0x0000000080b00000| Untracked 
|  12|0x0000000080c00000, 0x0000000080d00000, 0x0000000080d00000|100%| O|  |TAMS 0x0000000080d00000, 0x0000000080c00000| Untracked 
|  13|0x0000000080d00000, 0x0000000080e00000, 0x0000000080e00000|100%| O|  |TAMS 0x0000000080e00000, 0x0000000080d00000| Untracked 
|  14|0x0000000080e00000, 0x0000000080f00000, 0x0000000080f00000|100%| O|  |TAMS 0x0000000080f00000, 0x0000000080e00000| Untracked 
|  15|0x0000000080f00000, 0x0000000081000000, 0x0000000081000000|100%| O|  |TAMS 0x0000000081000000, 0x0000000080f00000| Untracked 
|  16|0x0000000081000000, 0x0000000081100000, 0x0000000081100000|100%|HS|  |TAMS 0x0000000081100000, 0x0000000081000000| Complete 
|  17|0x0000000081100000, 0x0000000081200000, 0x0000000081200000|100%| O|  |TAMS 0x0000000081200000, 0x0000000081100000| Untracked 
|  18|0x0000000081200000, 0x0000000081300000, 0x0000000081300000|100%| O|  |TAMS 0x0000000081300000, 0x0000000081200000| Untracked 
|  19|0x0000000081300000, 0x0000000081400000, 0x0000000081400000|100%| O|  |TAMS 0x0000000081400000, 0x0000000081300000| Untracked 
|  20|0x0000000081400000, 0x0000000081500000, 0x0000000081500000|100%| O|  |TAMS 0x0000000081500000, 0x0000000081400000| Untracked 
|  21|0x0000000081500000, 0x0000000081600000, 0x0000000081600000|100%| O|  |TAMS 0x0000000081600000, 0x0000000081500000| Untracked 
|  22|0x0000000081600000, 0x0000000081700000, 0x0000000081700000|100%| O|  |TAMS 0x0000000081700000, 0x0000000081600000| Untracked 
|  23|0x0000000081700000, 0x0000000081800000, 0x0000000081800000|100%| O|  |TAMS 0x0000000081800000, 0x0000000081700000| Untracked 
|  24|0x0000000081800000, 0x0000000081900000, 0x0000000081900000|100%| O|  |TAMS 0x0000000081900000, 0x0000000081800000| Untracked 
|  25|0x0000000081900000, 0x0000000081a00000, 0x0000000081a00000|100%| O|  |TAMS 0x0000000081a00000, 0x0000000081900000| Untracked 
|  26|0x0000000081a00000, 0x0000000081b00000, 0x0000000081b00000|100%| O|  |TAMS 0x0000000081b00000, 0x0000000081a00000| Untracked 
|  27|0x0000000081b00000, 0x0000000081c00000, 0x0000000081c00000|100%|HS|  |TAMS 0x0000000081c00000, 0x0000000081b00000| Complete 
|  28|0x0000000081c00000, 0x0000000081d00000, 0x0000000081d00000|100%|HS|  |TAMS 0x0000000081d00000, 0x0000000081c00000| Complete 
|  29|0x0000000081d00000, 0x0000000081e00000, 0x0000000081e00000|100%|HC|  |TAMS 0x0000000081e00000, 0x0000000081d00000| Complete 
|  30|0x0000000081e00000, 0x0000000081f00000, 0x0000000081f00000|100%| O|  |TAMS 0x0000000081f00000, 0x0000000081e00000| Untracked 
|  31|0x0000000081f00000, 0x0000000082000000, 0x0000000082000000|100%| O|  |TAMS 0x0000000082000000, 0x0000000081f00000| Untracked 
|  32|0x0000000082000000, 0x0000000082100000, 0x0000000082100000|100%| O|  |TAMS 0x0000000082100000, 0x0000000082000000| Untracked 
|  33|0x0000000082100000, 0x0000000082200000, 0x0000000082200000|100%| O|  |TAMS 0x0000000082200000, 0x0000000082100000| Untracked 
|  34|0x0000000082200000, 0x0000000082300000, 0x0000000082300000|100%| O|  |TAMS 0x0000000082300000, 0x0000000082200000| Untracked 
|  35|0x0000000082300000, 0x0000000082400000, 0x0000000082400000|100%| O|  |TAMS 0x0000000082400000, 0x0000000082300000| Untracked 
|  36|0x0000000082400000, 0x0000000082500000, 0x0000000082500000|100%| O|  |TAMS 0x0000000082500000, 0x0000000082400000| Untracked 
|  37|0x0000000082500000, 0x0000000082600000, 0x0000000082600000|100%| O|  |TAMS 0x0000000082600000, 0x0000000082500000| Untracked 
|  38|0x0000000082600000, 0x0000000082700000, 0x0000000082700000|100%| O|  |TAMS 0x0000000082700000, 0x0000000082600000| Untracked 
|  39|0x0000000082700000, 0x0000000082800000, 0x0000000082800000|100%| O|  |TAMS 0x0000000082800000, 0x0000000082700000| Untracked 
|  40|0x0000000082800000, 0x0000000082900000, 0x0000000082900000|100%| O|  |TAMS 0x00000000828d8000, 0x0000000082800000| Untracked 
|  41|0x0000000082900000, 0x0000000082a00000, 0x0000000082a00000|100%| O|  |TAMS 0x0000000082900000, 0x0000000082900000| Untracked 
|  42|0x0000000082a00000, 0x0000000082b00000, 0x0000000082b00000|100%| O|  |TAMS 0x0000000082a00000, 0x0000000082a00000| Untracked 
|  43|0x0000000082b00000, 0x0000000082c00000, 0x0000000082c00000|100%| O|  |TAMS 0x0000000082b00000, 0x0000000082b00000| Untracked 
|  44|0x0000000082c00000, 0x0000000082d00000, 0x0000000082d00000|100%| O|  |TAMS 0x0000000082c00000, 0x0000000082c00000| Untracked 
|  45|0x0000000082d00000, 0x0000000082e00000, 0x0000000082e00000|100%| O|  |TAMS 0x0000000082d00000, 0x0000000082d00000| Untracked 
|  46|0x0000000082e00000, 0x0000000082f00000, 0x0000000082f00000|100%| O|  |TAMS 0x0000000082e00000, 0x0000000082e00000| Untracked 
|  47|0x0000000082f00000, 0x0000000083000000, 0x0000000083000000|100%| O|  |TAMS 0x0000000082f00000, 0x0000000082f00000| Untracked 
|  48|0x0000000083000000, 0x0000000083100000, 0x0000000083100000|100%| O|  |TAMS 0x0000000083000000, 0x0000000083000000| Untracked 
|  49|0x0000000083100000, 0x0000000083200000, 0x0000000083200000|100%| O|  |TAMS 0x0000000083100000, 0x0000000083100000| Untracked 
|  50|0x0000000083200000, 0x0000000083300000, 0x0000000083300000|100%| O|  |TAMS 0x0000000083200000, 0x0000000083200000| Untracked 
|  51|0x0000000083300000, 0x0000000083400000, 0x0000000083400000|100%| O|  |TAMS 0x0000000083300000, 0x0000000083300000| Untracked 
|  52|0x0000000083400000, 0x0000000083500000, 0x0000000083500000|100%| O|  |TAMS 0x0000000083400000, 0x0000000083400000| Untracked 
|  53|0x0000000083500000, 0x0000000083600000, 0x0000000083600000|100%| O|  |TAMS 0x0000000083500000, 0x0000000083500000| Untracked 
|  54|0x0000000083600000, 0x0000000083600000, 0x0000000083700000|  0%| F|  |TAMS 0x0000000083600000, 0x0000000083600000| Untracked 
|  55|0x0000000083700000, 0x0000000083700000, 0x0000000083800000|  0%| F|  |TAMS 0x0000000083700000, 0x0000000083700000| Untracked 
|  56|0x0000000083800000, 0x0000000083900000, 0x0000000083900000|100%| O|  |TAMS 0x0000000083800000, 0x0000000083800000| Untracked 
|  57|0x0000000083900000, 0x0000000083a00000, 0x0000000083a00000|100%| O|  |TAMS 0x0000000083900000, 0x0000000083900000| Untracked 
|  58|0x0000000083a00000, 0x0000000083b00000, 0x0000000083b00000|100%| O|  |TAMS 0x0000000083a00000, 0x0000000083a00000| Untracked 
|  59|0x0000000083b00000, 0x0000000083c00000, 0x0000000083c00000|100%| O|  |TAMS 0x0000000083b00000, 0x0000000083b00000| Untracked 
|  60|0x0000000083c00000, 0x0000000083d00000, 0x0000000083d00000|100%| O|  |TAMS 0x0000000083c00000, 0x0000000083c00000| Untracked 
|  61|0x0000000083d00000, 0x0000000083e00000, 0x0000000083e00000|100%| O|  |TAMS 0x0000000083d00000, 0x0000000083d00000| Untracked 
|  62|0x0000000083e00000, 0x0000000083f00000, 0x0000000083f00000|100%| O|  |TAMS 0x0000000083e00000, 0x0000000083e00000| Untracked 
|  63|0x0000000083f00000, 0x0000000084000000, 0x0000000084000000|100%| O|  |TAMS 0x0000000083f00000, 0x0000000083f00000| Untracked 
|  64|0x0000000084000000, 0x0000000084100000, 0x0000000084100000|100%| O|  |TAMS 0x0000000084000000, 0x0000000084000000| Untracked 
|  65|0x0000000084100000, 0x0000000084200000, 0x0000000084200000|100%| O|  |TAMS 0x0000000084100000, 0x0000000084100000| Untracked 
|  66|0x0000000084200000, 0x0000000084300000, 0x0000000084300000|100%| O|  |TAMS 0x0000000084200000, 0x0000000084200000| Untracked 
|  67|0x0000000084300000, 0x0000000084400000, 0x0000000084400000|100%| O|  |TAMS 0x0000000084300000, 0x0000000084300000| Untracked 
|  68|0x0000000084400000, 0x0000000084500000, 0x0000000084500000|100%| O|  |TAMS 0x0000000084400000, 0x0000000084400000| Untracked 
|  69|0x0000000084500000, 0x0000000084600000, 0x0000000084600000|100%| O|  |TAMS 0x0000000084500000, 0x0000000084500000| Untracked 
|  70|0x0000000084600000, 0x0000000084697000, 0x0000000084700000| 58%| O|  |TAMS 0x0000000084600000, 0x0000000084600000| Untracked 
|  71|0x0000000084700000, 0x0000000084700000, 0x0000000084800000|  0%| F|  |TAMS 0x0000000084700000, 0x0000000084700000| Untracked 
|  72|0x0000000084800000, 0x0000000084800000, 0x0000000084900000|  0%| F|  |TAMS 0x0000000084800000, 0x0000000084800000| Untracked 
|  73|0x0000000084900000, 0x0000000084900000, 0x0000000084a00000|  0%| F|  |TAMS 0x0000000084900000, 0x0000000084900000| Untracked 
|  74|0x0000000084a00000, 0x0000000084a00000, 0x0000000084b00000|  0%| F|  |TAMS 0x0000000084a00000, 0x0000000084a00000| Untracked 
|  75|0x0000000084b00000, 0x0000000084b00000, 0x0000000084c00000|  0%| F|  |TAMS 0x0000000084b00000, 0x0000000084b00000| Untracked 
|  76|0x0000000084c00000, 0x0000000084c00000, 0x0000000084d00000|  0%| F|  |TAMS 0x0000000084c00000, 0x0000000084c00000| Untracked 
|  77|0x0000000084d00000, 0x0000000084d00000, 0x0000000084e00000|  0%| F|  |TAMS 0x0000000084d00000, 0x0000000084d00000| Untracked 
|  78|0x0000000084e00000, 0x0000000084e00000, 0x0000000084f00000|  0%| F|  |TAMS 0x0000000084e00000, 0x0000000084e00000| Untracked 
|  79|0x0000000084f00000, 0x0000000084f00000, 0x0000000085000000|  0%| F|  |TAMS 0x0000000084f00000, 0x0000000084f00000| Untracked 
|  80|0x0000000085000000, 0x0000000085000000, 0x0000000085100000|  0%| F|  |TAMS 0x0000000085000000, 0x0000000085000000| Untracked 
|  81|0x0000000085100000, 0x0000000085100000, 0x0000000085200000|  0%| F|  |TAMS 0x0000000085100000, 0x0000000085100000| Untracked 
|  82|0x0000000085200000, 0x0000000085300000, 0x0000000085300000|100%| S|CS|TAMS 0x0000000085200000, 0x0000000085200000| Complete 
|  83|0x0000000085300000, 0x0000000085400000, 0x0000000085400000|100%| S|CS|TAMS 0x0000000085300000, 0x0000000085300000| Complete 
|  84|0x0000000085400000, 0x0000000085500000, 0x0000000085500000|100%| S|CS|TAMS 0x0000000085400000, 0x0000000085400000| Complete 
|  85|0x0000000085500000, 0x0000000085600000, 0x0000000085600000|100%| S|CS|TAMS 0x0000000085500000, 0x0000000085500000| Complete 
|  86|0x0000000085600000, 0x0000000085600000, 0x0000000085700000|  0%| F|  |TAMS 0x0000000085600000, 0x0000000085600000| Untracked 
|  87|0x0000000085700000, 0x0000000085700000, 0x0000000085800000|  0%| F|  |TAMS 0x0000000085700000, 0x0000000085700000| Untracked 
|  88|0x0000000085800000, 0x0000000085800000, 0x0000000085900000|  0%| F|  |TAMS 0x0000000085800000, 0x0000000085800000| Untracked 
|  89|0x0000000085900000, 0x0000000085900000, 0x0000000085a00000|  0%| F|  |TAMS 0x0000000085900000, 0x0000000085900000| Untracked 
|  90|0x0000000085a00000, 0x0000000085b00000, 0x0000000085b00000|100%| S|CS|TAMS 0x0000000085a00000, 0x0000000085a00000| Complete 
|  91|0x0000000085b00000, 0x0000000085c00000, 0x0000000085c00000|100%| S|CS|TAMS 0x0000000085b00000, 0x0000000085b00000| Complete 
|  92|0x0000000085c00000, 0x0000000085d00000, 0x0000000085d00000|100%| S|CS|TAMS 0x0000000085c00000, 0x0000000085c00000| Complete 
|  93|0x0000000085d00000, 0x0000000085e00000, 0x0000000085e00000|100%| S|CS|TAMS 0x0000000085d00000, 0x0000000085d00000| Complete 
|  94|0x0000000085e00000, 0x0000000085f00000, 0x0000000085f00000|100%| S|CS|TAMS 0x0000000085e00000, 0x0000000085e00000| Complete 
|  95|0x0000000085f00000, 0x0000000085f00000, 0x0000000086000000|  0%| F|  |TAMS 0x0000000085f00000, 0x0000000085f00000| Untracked 
|  96|0x0000000086000000, 0x0000000086000000, 0x0000000086100000|  0%| F|  |TAMS 0x0000000086000000, 0x0000000086000000| Untracked 
|  97|0x0000000086100000, 0x0000000086100000, 0x0000000086200000|  0%| F|  |TAMS 0x0000000086100000, 0x0000000086100000| Untracked 
|  98|0x0000000086200000, 0x0000000086200000, 0x0000000086300000|  0%| F|  |TAMS 0x0000000086200000, 0x0000000086200000| Untracked 
|  99|0x0000000086300000, 0x0000000086300000, 0x0000000086400000|  0%| F|  |TAMS 0x0000000086300000, 0x0000000086300000| Untracked 
| 100|0x0000000086400000, 0x0000000086400000, 0x0000000086500000|  0%| F|  |TAMS 0x0000000086400000, 0x0000000086400000| Untracked 
| 101|0x0000000086500000, 0x0000000086500000, 0x0000000086600000|  0%| F|  |TAMS 0x0000000086500000, 0x0000000086500000| Untracked 
| 102|0x0000000086600000, 0x0000000086600000, 0x0000000086700000|  0%| F|  |TAMS 0x0000000086600000, 0x0000000086600000| Untracked 
| 103|0x0000000086700000, 0x0000000086700000, 0x0000000086800000|  0%| F|  |TAMS 0x0000000086700000, 0x0000000086700000| Untracked 
| 104|0x0000000086800000, 0x0000000086800000, 0x0000000086900000|  0%| F|  |TAMS 0x0000000086800000, 0x0000000086800000| Untracked 
| 105|0x0000000086900000, 0x0000000086900000, 0x0000000086a00000|  0%| F|  |TAMS 0x0000000086900000, 0x0000000086900000| Untracked 
| 106|0x0000000086a00000, 0x0000000086a00000, 0x0000000086b00000|  0%| F|  |TAMS 0x0000000086a00000, 0x0000000086a00000| Untracked 
| 107|0x0000000086b00000, 0x0000000086b00000, 0x0000000086c00000|  0%| F|  |TAMS 0x0000000086b00000, 0x0000000086b00000| Untracked 
| 108|0x0000000086c00000, 0x0000000086c00000, 0x0000000086d00000|  0%| F|  |TAMS 0x0000000086c00000, 0x0000000086c00000| Untracked 
| 109|0x0000000086d00000, 0x0000000086d00000, 0x0000000086e00000|  0%| F|  |TAMS 0x0000000086d00000, 0x0000000086d00000| Untracked 
| 110|0x0000000086e00000, 0x0000000086e00000, 0x0000000086f00000|  0%| F|  |TAMS 0x0000000086e00000, 0x0000000086e00000| Untracked 
| 111|0x0000000086f00000, 0x0000000086f00000, 0x0000000087000000|  0%| F|  |TAMS 0x0000000086f00000, 0x0000000086f00000| Untracked 
| 112|0x0000000087000000, 0x0000000087000000, 0x0000000087100000|  0%| F|  |TAMS 0x0000000087000000, 0x0000000087000000| Untracked 
| 113|0x0000000087100000, 0x0000000087100000, 0x0000000087200000|  0%| F|  |TAMS 0x0000000087100000, 0x0000000087100000| Untracked 
| 114|0x0000000087200000, 0x0000000087200000, 0x0000000087300000|  0%| F|  |TAMS 0x0000000087200000, 0x0000000087200000| Untracked 
| 115|0x0000000087300000, 0x0000000087300000, 0x0000000087400000|  0%| F|  |TAMS 0x0000000087300000, 0x0000000087300000| Untracked 
| 116|0x0000000087400000, 0x0000000087400000, 0x0000000087500000|  0%| F|  |TAMS 0x0000000087400000, 0x0000000087400000| Untracked 
| 117|0x0000000087500000, 0x0000000087500000, 0x0000000087600000|  0%| F|  |TAMS 0x0000000087500000, 0x0000000087500000| Untracked 
| 118|0x0000000087600000, 0x0000000087600000, 0x0000000087700000|  0%| F|  |TAMS 0x0000000087600000, 0x0000000087600000| Untracked 
| 119|0x0000000087700000, 0x0000000087700000, 0x0000000087800000|  0%| F|  |TAMS 0x0000000087700000, 0x0000000087700000| Untracked 
| 120|0x0000000087800000, 0x0000000087800000, 0x0000000087900000|  0%| F|  |TAMS 0x0000000087800000, 0x0000000087800000| Untracked 
| 121|0x0000000087900000, 0x0000000087900000, 0x0000000087a00000|  0%| F|  |TAMS 0x0000000087900000, 0x0000000087900000| Untracked 
| 122|0x0000000087a00000, 0x0000000087a00000, 0x0000000087b00000|  0%| F|  |TAMS 0x0000000087a00000, 0x0000000087a00000| Untracked 
| 123|0x0000000087b00000, 0x0000000087b00000, 0x0000000087c00000|  0%| F|  |TAMS 0x0000000087b00000, 0x0000000087b00000| Untracked 
| 124|0x0000000087c00000, 0x0000000087c00000, 0x0000000087d00000|  0%| F|  |TAMS 0x0000000087c00000, 0x0000000087c00000| Untracked 
| 125|0x0000000087d00000, 0x0000000087d00000, 0x0000000087e00000|  0%| F|  |TAMS 0x0000000087d00000, 0x0000000087d00000| Untracked 
| 126|0x0000000087e00000, 0x0000000087e00000, 0x0000000087f00000|  0%| F|  |TAMS 0x0000000087e00000, 0x0000000087e00000| Untracked 
| 127|0x0000000087f00000, 0x0000000087f00000, 0x0000000088000000|  0%| F|  |TAMS 0x0000000087f00000, 0x0000000087f00000| Untracked 
| 128|0x0000000088000000, 0x0000000088000000, 0x0000000088100000|  0%| F|  |TAMS 0x0000000088000000, 0x0000000088000000| Untracked 
| 129|0x0000000088100000, 0x0000000088100000, 0x0000000088200000|  0%| F|  |TAMS 0x0000000088100000, 0x0000000088100000| Untracked 
| 130|0x0000000088200000, 0x0000000088200000, 0x0000000088300000|  0%| F|  |TAMS 0x0000000088200000, 0x0000000088200000| Untracked 
| 131|0x0000000088300000, 0x0000000088300000, 0x0000000088400000|  0%| F|  |TAMS 0x0000000088300000, 0x0000000088300000| Untracked 
| 132|0x0000000088400000, 0x0000000088400000, 0x0000000088500000|  0%| F|  |TAMS 0x0000000088400000, 0x0000000088400000| Untracked 
| 133|0x0000000088500000, 0x0000000088500000, 0x0000000088600000|  0%| F|  |TAMS 0x0000000088500000, 0x0000000088500000| Untracked 
| 134|0x0000000088600000, 0x0000000088600000, 0x0000000088700000|  0%| F|  |TAMS 0x0000000088600000, 0x0000000088600000| Untracked 
| 135|0x0000000088700000, 0x0000000088700000, 0x0000000088800000|  0%| F|  |TAMS 0x0000000088700000, 0x0000000088700000| Untracked 
| 136|0x0000000088800000, 0x0000000088800000, 0x0000000088900000|  0%| F|  |TAMS 0x0000000088800000, 0x0000000088800000| Untracked 
| 137|0x0000000088900000, 0x0000000088900000, 0x0000000088a00000|  0%| F|  |TAMS 0x0000000088900000, 0x0000000088900000| Untracked 
| 138|0x0000000088a00000, 0x0000000088a00000, 0x0000000088b00000|  0%| F|  |TAMS 0x0000000088a00000, 0x0000000088a00000| Untracked 
| 139|0x0000000088b00000, 0x0000000088b00000, 0x0000000088c00000|  0%| F|  |TAMS 0x0000000088b00000, 0x0000000088b00000| Untracked 
| 140|0x0000000088c00000, 0x0000000088c00000, 0x0000000088d00000|  0%| F|  |TAMS 0x0000000088c00000, 0x0000000088c00000| Untracked 
| 141|0x0000000088d00000, 0x0000000088d00000, 0x0000000088e00000|  0%| F|  |TAMS 0x0000000088d00000, 0x0000000088d00000| Untracked 
| 142|0x0000000088e00000, 0x0000000088e00000, 0x0000000088f00000|  0%| F|  |TAMS 0x0000000088e00000, 0x0000000088e00000| Untracked 
| 143|0x0000000088f00000, 0x0000000088f00000, 0x0000000089000000|  0%| F|  |TAMS 0x0000000088f00000, 0x0000000088f00000| Untracked 
| 144|0x0000000089000000, 0x0000000089000000, 0x0000000089100000|  0%| F|  |TAMS 0x0000000089000000, 0x0000000089000000| Untracked 
| 145|0x0000000089100000, 0x0000000089100000, 0x0000000089200000|  0%| F|  |TAMS 0x0000000089100000, 0x0000000089100000| Untracked 
| 146|0x0000000089200000, 0x0000000089200000, 0x0000000089300000|  0%| F|  |TAMS 0x0000000089200000, 0x0000000089200000| Untracked 
| 147|0x0000000089300000, 0x0000000089300000, 0x0000000089400000|  0%| F|  |TAMS 0x0000000089300000, 0x0000000089300000| Untracked 
| 148|0x0000000089400000, 0x0000000089400000, 0x0000000089500000|  0%| F|  |TAMS 0x0000000089400000, 0x0000000089400000| Untracked 
| 149|0x0000000089500000, 0x0000000089500000, 0x0000000089600000|  0%| F|  |TAMS 0x0000000089500000, 0x0000000089500000| Untracked 
| 150|0x0000000089600000, 0x0000000089600000, 0x0000000089700000|  0%| F|  |TAMS 0x0000000089600000, 0x0000000089600000| Untracked 
| 151|0x0000000089700000, 0x0000000089700000, 0x0000000089800000|  0%| F|  |TAMS 0x0000000089700000, 0x0000000089700000| Untracked 

Card table byte_map: [0x0000022dd9bf0000,0x0000022dd9ff0000] _byte_map_base: 0x0000022dd97f0000

Marking Bits (Prev, Next): (CMBitMap*) 0x0000022dc4af3a80, (CMBitMap*) 0x0000022dc4af3a48
 Prev Bits: [0x0000022ddc3f0000, 0x0000022dde3f0000)
 Next Bits: [0x0000022dda3f0000, 0x0000022ddc3f0000)

Polling page: 0x0000022dc9d50000

Metaspace:

Usage:
  Non-class:     71.72 MB capacity,    70.28 MB ( 98%) used,     1.21 MB (  2%) free+waste,   240.19 KB ( <1%) overhead. 
      Class:     11.27 MB capacity,    10.47 MB ( 93%) used,   708.59 KB (  6%) free+waste,   111.25 KB ( <1%) overhead. 
       Both:     82.99 MB capacity,    80.75 MB ( 97%) used,     1.90 MB (  2%) free+waste,   351.44 KB ( <1%) overhead. 

Virtual space:
  Non-class space:       72.00 MB reserved,      71.75 MB (>99%) committed 
      Class space:        1.00 GB reserved,      11.32 MB (  1%) committed 
             Both:        1.07 GB reserved,      83.07 MB (  8%) committed 

Chunk freelists:
   Non-Class:  32.00 KB
       Class:  11.00 KB
        Both:  43.00 KB

MaxMetaspaceSize: 17179869184.00 GB
CompressedClassSpaceSize: 1.00 GB

CodeHeap 'non-profiled nmethods': size=120000Kb used=5407Kb max_used=5407Kb free=114593Kb
 bounds [0x0000022dd1840000, 0x0000022dd1d90000, 0x0000022dd8d70000]
CodeHeap 'profiled nmethods': size=120000Kb used=18616Kb max_used=18616Kb free=101383Kb
 bounds [0x0000022dca310000, 0x0000022dcb540000, 0x0000022dd1840000]
CodeHeap 'non-nmethods': size=5760Kb used=2280Kb max_used=2336Kb free=3479Kb
 bounds [0x0000022dc9d70000, 0x0000022dc9fe0000, 0x0000022dca310000]
 total_blobs=9731 nmethods=8857 adapters=784
 compilation: enabled
              stopped_count=0, restarted_count=0
 full_count=0

Compilation events (20 events):
Event: 10.003 Thread 0x0000022de176d000 8897       2       com.google.common.collect.AbstractMapBasedMultimap$WrappedCollection::size (14 bytes)
Event: 10.003 Thread 0x0000022de176d000 nmethod 8897 0x0000022dcb53b190 code [0x0000022dcb53b360, 0x0000022dcb53b498]
Event: 10.003 Thread 0x0000022de176d000 8898       2       com.google.common.collect.AbstractMapBasedMultimap$WrappedCollection::refreshIfEmpty (78 bytes)
Event: 10.003 Thread 0x0000022de176d000 nmethod 8898 0x0000022dcb53b590 code [0x0000022dcb53b780, 0x0000022dcb53bab8]
Event: 10.003 Thread 0x0000022de176d000 8895       2       com.google.common.collect.AbstractMapBasedMultimap$WrappedCollection::<init> (44 bytes)
Event: 10.003 Thread 0x0000022de176d000 nmethod 8895 0x0000022dcb53bc90 code [0x0000022dcb53be60, 0x0000022dcb53c158]
Event: 10.004 Thread 0x0000022de176d000 8893       2       com.google.common.collect.AbstractMapBasedMultimap$RandomAccessWrappedList::<init> (10 bytes)
Event: 10.004 Thread 0x0000022de176d000 nmethod 8893 0x0000022dcb53c210 code [0x0000022dcb53c3c0, 0x0000022dcb53c528]
Event: 10.004 Thread 0x0000022de176d000 8894       2       com.google.common.collect.AbstractMapBasedMultimap$WrappedList::<init> (15 bytes)
Event: 10.004 Thread 0x0000022de176d000 nmethod 8894 0x0000022dcb53c610 code [0x0000022dcb53c7c0, 0x0000022dcb53c928]
Event: 10.004 Thread 0x0000022de176d000 8882       2       com.google.common.collect.LinkedListMultimap::get (10 bytes)
Event: 10.004 Thread 0x0000022de176d000 nmethod 8882 0x0000022dcb53ca10 code [0x0000022dcb53cbc0, 0x0000022dcb53cdd8]
Event: 10.004 Thread 0x0000022de176d000 8883       2       com.google.common.collect.LinkedListMultimap$1::<init> (15 bytes)
Event: 10.004 Thread 0x0000022de176d000 nmethod 8883 0x0000022dcb53ce90 code [0x0000022dcb53d040, 0x0000022dcb53d1f8]
Event: 10.004 Thread 0x0000022de176d000 8890       2       com.google.common.collect.AbstractMapBasedMultimap::get (31 bytes)
Event: 10.005 Thread 0x0000022de176d000 nmethod 8890 0x0000022dcb53d290 code [0x0000022dcb53d460, 0x0000022dcb53d648]
Event: 10.005 Thread 0x0000022de176d000 8891       2       com.google.common.collect.AbstractListMultimap::wrapCollection (11 bytes)
Event: 10.005 Thread 0x0000022de176d000 nmethod 8891 0x0000022dcb53d790 code [0x0000022dcb53d980, 0x0000022dcb53dd58]
Event: 10.005 Thread 0x0000022de176d000 8880       2       com.google.common.collect.Multimaps$AsMap$EntrySet$1::apply (17 bytes)
Event: 10.005 Thread 0x0000022de176d000 nmethod 8880 0x0000022dcb53df10 code [0x0000022dcb53e0c0, 0x0000022dcb53e1e8]

GC Heap History (20 events):
Event: 2.791 GC heap after
{Heap after GC invocations=5 (full 0):
 garbage-first heap   total 129024K, used 18323K [0x0000000080000000, 0x0000000100000000)
  region size 1024K, 3 young (3072K), 3 survivors (3072K)
 Metaspace       used 25909K, capacity 26485K, committed 26752K, reserved 1073152K
  class space    used 3387K, capacity 3599K, committed 3712K, reserved 1048576K
}
Event: 3.540 GC heap before
{Heap before GC invocations=5 (full 0):
 garbage-first heap   total 129024K, used 75667K [0x0000000080000000, 0x0000000100000000)
  region size 1024K, 60 young (61440K), 3 survivors (3072K)
 Metaspace       used 35031K, capacity 35830K, committed 35840K, reserved 1081344K
  class space    used 4543K, capacity 4864K, committed 4864K, reserved 1048576K
}
Event: 3.547 GC heap after
{Heap after GC invocations=6 (full 0):
 garbage-first heap   total 129024K, used 21725K [0x0000000080000000, 0x0000000100000000)
  region size 1024K, 6 young (6144K), 6 survivors (6144K)
 Metaspace       used 35031K, capacity 35830K, committed 35840K, reserved 1081344K
  class space    used 4543K, capacity 4864K, committed 4864K, reserved 1048576K
}
Event: 4.096 GC heap before
{Heap before GC invocations=7 (full 0):
 garbage-first heap   total 129024K, used 84189K [0x0000000080000000, 0x0000000100000000)
  region size 1024K, 65 young (66560K), 6 survivors (6144K)
 Metaspace       used 39398K, capacity 40366K, committed 40524K, reserved 1085440K
  class space    used 5039K, capacity 5390K, committed 5452K, reserved 1048576K
}
Event: 4.104 GC heap after
{Heap after GC invocations=8 (full 0):
 garbage-first heap   total 129024K, used 26921K [0x0000000080000000, 0x0000000100000000)
  region size 1024K, 9 young (9216K), 9 survivors (9216K)
 Metaspace       used 39398K, capacity 40366K, committed 40524K, reserved 1085440K
  class space    used 5039K, capacity 5390K, committed 5452K, reserved 1048576K
}
Event: 4.682 GC heap before
{Heap before GC invocations=8 (full 0):
 garbage-first heap   total 129024K, used 87337K [0x0000000080000000, 0x0000000100000000)
  region size 1024K, 68 young (69632K), 9 survivors (9216K)
 Metaspace       used 44785K, capacity 45912K, committed 46156K, reserved 1089536K
  class space    used 5767K, capacity 6148K, committed 6220K, reserved 1048576K
}
Event: 4.692 GC heap after
{Heap after GC invocations=9 (full 0):
 garbage-first heap   total 155648K, used 28720K [0x0000000080000000, 0x0000000100000000)
  region size 1024K, 3 young (3072K), 3 survivors (3072K)
 Metaspace       used 44785K, capacity 45912K, committed 46156K, reserved 1089536K
  class space    used 5767K, capacity 6148K, committed 6220K, reserved 1048576K
}
Event: 5.720 GC heap before
{Heap before GC invocations=9 (full 0):
 garbage-first heap   total 155648K, used 105520K [0x0000000080000000, 0x0000000100000000)
  region size 1024K, 74 young (75776K), 3 survivors (3072K)
 Metaspace       used 49646K, capacity 50990K, committed 51148K, reserved 1093632K
  class space    used 6342K, capacity 6842K, committed 6860K, reserved 1048576K
}
Event: 5.725 GC heap after
{Heap after GC invocations=10 (full 0):
 garbage-first heap   total 155648K, used 41566K [0x0000000080000000, 0x0000000100000000)
  region size 1024K, 10 young (10240K), 10 survivors (10240K)
 Metaspace       used 49646K, capacity 50990K, committed 51148K, reserved 1093632K
  class space    used 6342K, capacity 6842K, committed 6860K, reserved 1048576K
}
Event: 6.571 GC heap before
{Heap before GC invocations=10 (full 0):
 garbage-first heap   total 155648K, used 96862K [0x0000000080000000, 0x0000000100000000)
  region size 1024K, 65 young (66560K), 10 survivors (10240K)
 Metaspace       used 58636K, capacity 60139K, committed 60236K, reserved 1101824K
  class space    used 7417K, capacity 7968K, committed 8012K, reserved 1048576K
}
Event: 6.585 GC heap after
{Heap after GC invocations=11 (full 0):
 garbage-first heap   total 155648K, used 44461K [0x0000000080000000, 0x0000000100000000)
  region size 1024K, 3 young (3072K), 3 survivors (3072K)
 Metaspace       used 58636K, capacity 60139K, committed 60236K, reserved 1101824K
  class space    used 7417K, capacity 7968K, committed 8012K, reserved 1048576K
}
Event: 7.281 GC heap before
{Heap before GC invocations=12 (full 0):
 garbage-first heap   total 155648K, used 108973K [0x0000000080000000, 0x0000000100000000)
  region size 1024K, 66 young (67584K), 3 survivors (3072K)
 Metaspace       used 64229K, capacity 65727K, committed 65868K, reserved 1105920K
  class space    used 8140K, capacity 8685K, committed 8780K, reserved 1048576K
}
Event: 7.288 GC heap after
{Heap after GC invocations=13 (full 0):
 garbage-first heap   total 155648K, used 49859K [0x0000000080000000, 0x0000000100000000)
  region size 1024K, 8 young (8192K), 8 survivors (8192K)
 Metaspace       used 64229K, capacity 65727K, committed 65868K, reserved 1105920K
  class space    used 8140K, capacity 8685K, committed 8780K, reserved 1048576K
}
Event: 7.967 GC heap before
{Heap before GC invocations=13 (full 0):
 garbage-first heap   total 155648K, used 113347K [0x0000000080000000, 0x0000000100000000)
  region size 1024K, 70 young (71680K), 8 survivors (8192K)
 Metaspace       used 70065K, capacity 71704K, committed 71884K, reserved 1112064K
  class space    used 9034K, capacity 9623K, committed 9676K, reserved 1048576K
}
Event: 7.976 GC heap after
{Heap after GC invocations=14 (full 0):
 garbage-first heap   total 155648K, used 54685K [0x0000000080000000, 0x0000000100000000)
  region size 1024K, 6 young (6144K), 6 survivors (6144K)
 Metaspace       used 70065K, capacity 71704K, committed 71884K, reserved 1112064K
  class space    used 9034K, capacity 9623K, committed 9676K, reserved 1048576K
}
Event: 8.772 GC heap before
{Heap before GC invocations=14 (full 0):
 garbage-first heap   total 155648K, used 116125K [0x0000000080000000, 0x0000000100000000)
  region size 1024K, 66 young (67584K), 6 survivors (6144K)
 Metaspace       used 76815K, capacity 78608K, committed 78796K, reserved 1118208K
  class space    used 9966K, capacity 10624K, committed 10700K, reserved 1048576K
}
Event: 8.779 GC heap after
{Heap after GC invocations=15 (full 0):
 garbage-first heap   total 155648K, used 57844K [0x0000000080000000, 0x0000000100000000)
  region size 1024K, 9 young (9216K), 9 survivors (9216K)
 Metaspace       used 76815K, capacity 78608K, committed 78796K, reserved 1118208K
  class space    used 9966K, capacity 10624K, committed 10700K, reserved 1048576K
}
Event: 9.434 GC heap before
{Heap before GC invocations=15 (full 0):
 garbage-first heap   total 155648K, used 118260K [0x0000000080000000, 0x0000000100000000)
  region size 1024K, 69 young (70656K), 9 survivors (9216K)
 Metaspace       used 81237K, capacity 83431K, committed 83532K, reserved 1122304K
  class space    used 10556K, capacity 11331K, committed 11340K, reserved 1048576K
}
Event: 9.447 GC heap after
{Heap after GC invocations=16 (full 0):
 garbage-first heap   total 155648K, used 63741K [0x0000000080000000, 0x0000000100000000)
  region size 1024K, 9 young (9216K), 9 survivors (9216K)
 Metaspace       used 81237K, capacity 83431K, committed 83532K, reserved 1122304K
  class space    used 10556K, capacity 11331K, committed 11340K, reserved 1048576K
}
Event: 10.008 GC heap before
{Heap before GC invocations=16 (full 0):
 garbage-first heap   total 155648K, used 123133K [0x0000000080000000, 0x0000000100000000)
  region size 1024K, 66 young (67584K), 9 survivors (9216K)
 Metaspace       used 82683K, capacity 84981K, committed 85068K, reserved 1122304K
  class space    used 10721K, capacity 11541K, committed 11596K, reserved 1048576K
}

Deoptimization events (20 events):
Event: 9.887 Thread 0x0000022de4077000 DEOPT PACKING pc=0x0000022dcb4b0797 sp=0x0000004c6a1f9810
Event: 9.887 Thread 0x0000022de4077000 DEOPT UNPACKING pc=0x0000022dc9d976ce sp=0x0000004c6a1f8d98 mode 0
Event: 9.888 Thread 0x0000022de4077000 DEOPT PACKING pc=0x0000022dcb4b0797 sp=0x0000004c6a1f9690
Event: 9.888 Thread 0x0000022de4077000 DEOPT UNPACKING pc=0x0000022dc9d976ce sp=0x0000004c6a1f8c18 mode 0
Event: 9.888 Thread 0x0000022de4077000 DEOPT PACKING pc=0x0000022dcb4b0797 sp=0x0000004c6a1f9690
Event: 9.888 Thread 0x0000022de4077000 DEOPT UNPACKING pc=0x0000022dc9d976ce sp=0x0000004c6a1f8c18 mode 0
Event: 9.889 Thread 0x0000022de4077000 DEOPT PACKING pc=0x0000022dcb4b0797 sp=0x0000004c6a1f97d0
Event: 9.889 Thread 0x0000022de4077000 DEOPT UNPACKING pc=0x0000022dc9d976ce sp=0x0000004c6a1f8d58 mode 0
Event: 9.889 Thread 0x0000022de4077000 DEOPT PACKING pc=0x0000022dcb4b0797 sp=0x0000004c6a1f9970
Event: 9.889 Thread 0x0000022de4077000 DEOPT UNPACKING pc=0x0000022dc9d976ce sp=0x0000004c6a1f8ef8 mode 0
Event: 9.889 Thread 0x0000022de4077000 DEOPT PACKING pc=0x0000022dcb4b0797 sp=0x0000004c6a1f9690
Event: 9.889 Thread 0x0000022de4077000 DEOPT UNPACKING pc=0x0000022dc9d976ce sp=0x0000004c6a1f8c18 mode 0
Event: 9.890 Thread 0x0000022de4077000 DEOPT PACKING pc=0x0000022dcb4b0797 sp=0x0000004c6a1f97d0
Event: 9.890 Thread 0x0000022de4077000 DEOPT UNPACKING pc=0x0000022dc9d976ce sp=0x0000004c6a1f8d58 mode 0
Event: 9.892 Thread 0x0000022de4077000 Uncommon trap: trap_request=0xffffff4d fr.pc=0x0000022dd1b3dd18 relative=0x0000000000000258
Event: 9.892 Thread 0x0000022de4077000 Uncommon trap: reason=unstable_if action=reinterpret pc=0x0000022dd1b3dd18 method=org.apache.xerces.dom.DeferredDocumentImpl.clearChunkValue([[Ljava/lang/Object;II)Ljava/lang/String; @ 3 c2
Event: 9.892 Thread 0x0000022de4077000 DEOPT PACKING pc=0x0000022dd1b3dd18 sp=0x0000004c6a1fa340
Event: 9.892 Thread 0x0000022de4077000 DEOPT UNPACKING pc=0x0000022dc9d978af sp=0x0000004c6a1fa300 mode 2
Event: 9.945 Thread 0x0000022de4077000 DEOPT PACKING pc=0x0000022dcb506dce sp=0x0000004c6a1f9fb0
Event: 9.945 Thread 0x0000022de4077000 DEOPT UNPACKING pc=0x0000022dc9d976ce sp=0x0000004c6a1f9470 mode 0

Classes redefined (0 events):
No events

Internal exceptions (20 events):
Event: 9.041 Thread 0x0000022de3ebd000 Exception <a 'java/lang/NoSuchMethodError'{0x0000000087fb3260}: <clinit>> (0x0000000087fb3260) thrown at [./src/hotspot/share/prims/jni.cpp, line 1362]
Event: 9.041 Thread 0x0000022de3ebd000 Exception <a 'java/lang/NoSuchMethodError'{0x0000000087fe0638}: <clinit>> (0x0000000087fe0638) thrown at [./src/hotspot/share/prims/jni.cpp, line 1362]
Event: 9.055 Thread 0x0000022de88e2800 Exception <a 'java/lang/NoSuchMethodError'{0x0000000087d869a8}: <clinit>> (0x0000000087d869a8) thrown at [./src/hotspot/share/prims/jni.cpp, line 1362]
Event: 9.058 Thread 0x0000022de88e2800 Exception <a 'java/lang/NoSuchMethodError'{0x0000000087d9aee8}: <clinit>> (0x0000000087d9aee8) thrown at [./src/hotspot/share/prims/jni.cpp, line 1362]
Event: 9.060 Thread 0x0000022de88e2800 Exception <a 'java/lang/NoSuchMethodError'{0x0000000087c6c2d0}: <clinit>> (0x0000000087c6c2d0) thrown at [./src/hotspot/share/prims/jni.cpp, line 1362]
Event: 9.082 Thread 0x0000022de3ebd000 Exception <a 'java/lang/NoSuchMethodError'{0x0000000087ab87c0}: <clinit>> (0x0000000087ab87c0) thrown at [./src/hotspot/share/prims/jni.cpp, line 1362]
Event: 9.110 Thread 0x0000022de4077000 Exception <a 'java/lang/NoSuchMethodError'{0x00000000879d9bc0}: 'java.lang.Object java.lang.invoke.Invokers$Holder.linkToTargetMethod(java.lang.Object, java.lang.Object, java.lang.Object, int, java.lang.Object, java.lang.Object)'> (0x00000000879d9bc0) thrown at [./src/hotspot/share/interpreter/linkResolver.cpp, line 773]
Event: 9.117 Thread 0x0000022de4077000 Exception <a 'java/lang/IncompatibleClassChangeError'{0x000000008783ad30}: Found class java.lang.Object, but interface was expected> (0x000000008783ad30) thrown at [./src/hotspot/share/interpreter/linkResolver.cpp, line 839]
Event: 9.136 Thread 0x0000022de4077000 Exception <a 'java/lang/NoSuchMethodError'{0x000000008760a460}: 'int java.lang.invoke.DirectMethodHandle$Holder.invokeStaticInit(java.lang.Object, java.lang.Object, java.lang.Object, java.lang.Object, java.lang.Object)'> (0x000000008760a460) thrown at [./src/hotspot/share/interpreter/linkResolver.cpp, line 773]
Event: 9.312 Thread 0x0000022de70e5800 Exception <a 'java/lang/NoSuchMethodError'{0x0000000086a46a28}: 'java.lang.Object java.lang.invoke.DirectMethodHandle$Holder.invokeSpecialIFC(java.lang.Object, java.lang.Object, java.lang.Object)'> (0x0000000086a46a28) thrown at [./src/hotspot/share/interpreter/linkResolver.cpp, line 773]
Event: 9.312 Thread 0x0000022de70e9000 Exception <a 'java/lang/NoSuchMethodError'{0x0000000086a6f360}: 'java.lang.Object java.lang.invoke.DirectMethodHandle$Holder.invokeSpecialIFC(java.lang.Object, java.lang.Object, java.lang.Object)'> (0x0000000086a6f360) thrown at [./src/hotspot/share/interpreter/linkResolver.cpp, line 773]
Event: 9.312 Thread 0x0000022de70df000 Exception <a 'java/lang/NoSuchMethodError'{0x0000000086a10b60}: 'java.lang.Object java.lang.invoke.DirectMethodHandle$Holder.invokeSpecialIFC(java.lang.Object, java.lang.Object, java.lang.Object)'> (0x0000000086a10b60) thrown at [./src/hotspot/share/interpreter/linkResolver.cpp, line 773]
Event: 9.312 Thread 0x0000022de70ea800 Exception <a 'java/lang/NoSuchMethodError'{0x0000000086a35248}: 'java.lang.Object java.lang.invoke.DirectMethodHandle$Holder.invokeSpecialIFC(java.lang.Object, java.lang.Object, java.lang.Object)'> (0x0000000086a35248) thrown at [./src/hotspot/share/interpreter/linkResolver.cpp, line 773]
Event: 9.312 Thread 0x0000022de70ea000 Exception <a 'java/lang/NoSuchMethodError'{0x0000000086bcba18}: 'java.lang.Object java.lang.invoke.DirectMethodHandle$Holder.invokeSpecialIFC(java.lang.Object, java.lang.Object, java.lang.Object)'> (0x0000000086bcba18) thrown at [./src/hotspot/share/interpreter/linkResolver.cpp, line 773]
Event: 9.312 Thread 0x0000022de70e6800 Exception <a 'java/lang/NoSuchMethodError'{0x0000000086a28470}: 'java.lang.Object java.lang.invoke.DirectMethodHandle$Holder.invokeSpecialIFC(java.lang.Object, java.lang.Object, java.lang.Object)'> (0x0000000086a28470) thrown at [./src/hotspot/share/interpreter/linkResolver.cpp, line 773]
Event: 9.312 Thread 0x0000022de70e7800 Exception <a 'java/lang/NoSuchMethodError'{0x0000000086bf2b20}: 'java.lang.Object java.lang.invoke.DirectMethodHandle$Holder.invokeSpecialIFC(java.lang.Object, java.lang.Object, java.lang.Object)'> (0x0000000086bf2b20) thrown at [./src/hotspot/share/interpreter/linkResolver.cpp, line 773]
Event: 9.366 Thread 0x0000022de70ea800 Implicit null exception at 0x0000022dd1b1f198 to 0x0000022dd1b1f476
Event: 9.488 Thread 0x0000022de70df000 Implicit null exception at 0x0000022dd1bd6e76 to 0x0000022dd1bd7334
Event: 9.753 Thread 0x0000022de4077000 Exception <a 'java/lang/NoSuchMethodError'{0x00000000875766e0}: 'void java.lang.invoke.DirectMethodHandle$Holder.invokeVirtual(java.lang.Object, java.lang.Object)'> (0x00000000875766e0) thrown at [./src/hotspot/share/interpreter/linkResolver.cpp, line 773]
Event: 9.892 Thread 0x0000022de4077000 Implicit null exception at 0x0000022dd1b3db04 to 0x0000022dd1b3dcfc

Events (20 events):
Event: 9.992 loading class com/google/common/collect/LinkedListMultimap$1KeySetImpl done
Event: 9.993 loading class com/google/common/collect/Multimaps$AsMap$EntrySet$1
Event: 9.993 loading class com/google/common/collect/Multimaps$AsMap$EntrySet$1 done
Event: 9.993 loading class com/google/common/collect/Maps$3
Event: 9.993 loading class com/google/common/collect/Maps$3 done
Event: 9.993 loading class com/google/common/collect/TransformedIterator
Event: 9.993 loading class com/google/common/collect/TransformedIterator done
Event: 9.994 loading class com/google/common/collect/LinkedListMultimap$DistinctKeyIterator
Event: 9.994 loading class com/google/common/collect/LinkedListMultimap$DistinctKeyIterator done
Event: 9.994 loading class com/google/common/collect/LinkedListMultimap$1
Event: 9.994 loading class com/google/common/collect/LinkedListMultimap$1 done
Event: 9.995 loading class com/google/common/collect/AbstractMapBasedMultimap$RandomAccessWrappedList
Event: 9.995 loading class com/google/common/collect/AbstractMapBasedMultimap$RandomAccessWrappedList done
Event: 9.995 loading class com/google/common/collect/AbstractMapBasedMultimap$WrappedList
Event: 9.995 loading class com/google/common/collect/AbstractMapBasedMultimap$WrappedList done
Event: 9.995 loading class com/google/common/collect/AbstractMapBasedMultimap$WrappedCollection
Event: 9.995 loading class com/google/common/collect/AbstractMapBasedMultimap$WrappedCollection done
Event: 9.996 loading class com/google/common/collect/LinkedListMultimap$ValueForKeyIterator
Event: 9.996 loading class com/google/common/collect/LinkedListMultimap$ValueForKeyIterator done
Event: 10.008 Executing VM operation: G1CollectForAllocation


Dynamic libraries:
0x00007ff681670000 - 0x00007ff68167a000 	C:\Program Files\Android\Android Studio\jre\bin\java.exe
0x00007ffa64530000 - 0x00007ffa64725000 	C:\WINDOWS\SYSTEM32\ntdll.dll
0x00007ffa633d0000 - 0x00007ffa6348e000 	C:\WINDOWS\System32\KERNEL32.DLL
0x00007ffa61fe0000 - 0x00007ffa622a8000 	C:\WINDOWS\System32\KERNELBASE.dll
0x00007ffa62490000 - 0x00007ffa62590000 	C:\WINDOWS\System32\ucrtbase.dll
0x00007ffa35160000 - 0x00007ffa35179000 	C:\Program Files\Android\Android Studio\jre\bin\jli.dll
0x00007ffa35140000 - 0x00007ffa35157000 	C:\Program Files\Android\Android Studio\jre\bin\VCRUNTIME140.dll
0x00007ffa640a0000 - 0x00007ffa64240000 	C:\WINDOWS\System32\USER32.dll
0x00007ffa61e70000 - 0x00007ffa61e92000 	C:\WINDOWS\System32\win32u.dll
0x00007ffa46a60000 - 0x00007ffa46cfa000 	C:\WINDOWS\WinSxS\amd64_microsoft.windows.common-controls_6595b64144ccf1df_6.0.19041.1110_none_60b5254171f9507e\COMCTL32.dll
0x00007ffa62a00000 - 0x00007ffa62a2b000 	C:\WINDOWS\System32\GDI32.dll
0x00007ffa63320000 - 0x00007ffa633be000 	C:\WINDOWS\System32\msvcrt.dll
0x00007ffa61d60000 - 0x00007ffa61e6b000 	C:\WINDOWS\System32\gdi32full.dll
0x00007ffa61c50000 - 0x00007ffa61ced000 	C:\WINDOWS\System32\msvcp_win.dll
0x00007ffa64450000 - 0x00007ffa64480000 	C:\WINDOWS\System32\IMM32.DLL
0x00007ffa21b10000 - 0x00007ffa21bad000 	C:\Program Files\Android\Android Studio\jre\bin\msvcp140.dll
0x00007ffa00d00000 - 0x00007ffa017cf000 	C:\Program Files\Android\Android Studio\jre\bin\server\jvm.dll
0x00007ffa64240000 - 0x00007ffa642ee000 	C:\WINDOWS\System32\ADVAPI32.dll
0x00007ffa63f30000 - 0x00007ffa63fcc000 	C:\WINDOWS\System32\sechost.dll
0x00007ffa64320000 - 0x00007ffa64445000 	C:\WINDOWS\System32\RPCRT4.dll
0x00007ffa64310000 - 0x00007ffa64318000 	C:\WINDOWS\System32\PSAPI.DLL
0x00007ffa42090000 - 0x00007ffa42099000 	C:\WINDOWS\SYSTEM32\WSOCK32.dll
0x00007ffa4c620000 - 0x00007ffa4c647000 	C:\WINDOWS\SYSTEM32\WINMM.dll
0x00007ffa577e0000 - 0x00007ffa577ea000 	C:\WINDOWS\SYSTEM32\VERSION.dll
0x00007ffa64480000 - 0x00007ffa644eb000 	C:\WINDOWS\System32\WS2_32.dll
0x00007ffa5fb40000 - 0x00007ffa5fb52000 	C:\WINDOWS\SYSTEM32\kernel.appcore.dll
0x00007ffa59590000 - 0x00007ffa595a1000 	C:\Program Files\Android\Android Studio\jre\bin\verify.dll
0x00007ffa5c3b0000 - 0x00007ffa5c594000 	C:\WINDOWS\SYSTEM32\DBGHELP.DLL
0x00007ffa4e300000 - 0x00007ffa4e32c000 	C:\WINDOWS\SYSTEM32\dbgcore.DLL
0x00007ffa61f50000 - 0x00007ffa61fd2000 	C:\WINDOWS\System32\bcryptPrimitives.dll
0x00007ffa41480000 - 0x00007ffa414a9000 	C:\Program Files\Android\Android Studio\jre\bin\java.dll
0x00007ffa57c20000 - 0x00007ffa57c2b000 	C:\Program Files\Android\Android Studio\jre\bin\jimage.dll
0x00007ffa4f170000 - 0x00007ffa4f188000 	C:\Program Files\Android\Android Studio\jre\bin\zip.dll
0x00007ffa636b0000 - 0x00007ffa63df4000 	C:\WINDOWS\System32\SHELL32.dll
0x00007ffa5fd60000 - 0x00007ffa604f4000 	C:\WINDOWS\SYSTEM32\windows.storage.dll
0x00007ffa62a30000 - 0x00007ffa62d84000 	C:\WINDOWS\System32\combase.dll
0x00007ffa616b0000 - 0x00007ffa616dc000 	C:\WINDOWS\SYSTEM32\Wldp.dll
0x00007ffa63260000 - 0x00007ffa6330d000 	C:\WINDOWS\System32\SHCORE.dll
0x00007ffa63650000 - 0x00007ffa636a5000 	C:\WINDOWS\System32\shlwapi.dll
0x00007ffa61b90000 - 0x00007ffa61baf000 	C:\WINDOWS\SYSTEM32\profapi.dll
0x00007ffa4f0c0000 - 0x00007ffa4f0da000 	C:\Program Files\Android\Android Studio\jre\bin\net.dll
0x00007ffa59fa0000 - 0x00007ffa5a0a9000 	C:\WINDOWS\SYSTEM32\WINHTTP.dll
0x00007ffa61410000 - 0x00007ffa6147a000 	C:\WINDOWS\system32\mswsock.dll
0x00007ffa41070000 - 0x00007ffa41084000 	C:\Program Files\Android\Android Studio\jre\bin\nio.dll
0x00007ffa238a0000 - 0x00007ffa238c7000 	C:\Users\2001r\.gradle\native\8bec1ad78214c89d9ad589b4d07fe93259594b29d510b10fafb7a158f7737e5d\windows-amd64\native-platform.dll
0x00007ffa02d90000 - 0x00007ffa02ecd000 	C:\Users\2001r\.gradle\native\53dbd7edfb1c66fb8903c78663c9afc45aea4f116125fa6feffd364cf09443e8\windows-amd64\native-platform-file-events.dll
0x00007ffa4f090000 - 0x00007ffa4f09a000 	C:\Program Files\Android\Android Studio\jre\bin\management.dll
0x00007ffa4eef0000 - 0x00007ffa4eefc000 	C:\Program Files\Android\Android Studio\jre\bin\management_ext.dll
0x00007ffa61610000 - 0x00007ffa61628000 	C:\WINDOWS\SYSTEM32\CRYPTSP.dll
0x00007ffa60d20000 - 0x00007ffa60d54000 	C:\WINDOWS\system32\rsaenh.dll
0x00007ffa622b0000 - 0x00007ffa622d7000 	C:\WINDOWS\System32\bcrypt.dll
0x00007ffa61b50000 - 0x00007ffa61b7e000 	C:\WINDOWS\SYSTEM32\USERENV.dll
0x00007ffa61600000 - 0x00007ffa6160c000 	C:\WINDOWS\SYSTEM32\CRYPTBASE.dll
0x00007ffa610b0000 - 0x00007ffa610eb000 	C:\WINDOWS\SYSTEM32\IPHLPAPI.DLL
0x00007ffa63310000 - 0x00007ffa63318000 	C:\WINDOWS\System32\NSI.dll
0x00007ffa57ed0000 - 0x00007ffa57ee7000 	C:\WINDOWS\SYSTEM32\dhcpcsvc6.DLL
0x00007ffa57e60000 - 0x00007ffa57e7d000 	C:\WINDOWS\SYSTEM32\dhcpcsvc.DLL
0x00007ffa61100000 - 0x00007ffa611ca000 	C:\WINDOWS\SYSTEM32\DNSAPI.dll

dbghelp: loaded successfully - version: 4.0.5 - missing functions: none
symbol engine: initialized successfully - sym options: 0x614 - pdb path: .;C:\Program Files\Android\Android Studio\jre\bin;C:\WINDOWS\SYSTEM32;C:\WINDOWS\WinSxS\amd64_microsoft.windows.common-controls_6595b64144ccf1df_6.0.19041.1110_none_60b5254171f9507e;C:\Program Files\Android\Android Studio\jre\bin\server;C:\Users\2001r\.gradle\native\8bec1ad78214c89d9ad589b4d07fe93259594b29d510b10fafb7a158f7737e5d\windows-amd64;C:\Users\2001r\.gradle\native\53dbd7edfb1c66fb8903c78663c9afc45aea4f116125fa6feffd364cf09443e8\windows-amd64

VM Arguments:
jvm_args: --add-opens=java.base/java.util=ALL-UNNAMED --add-opens=java.base/java.lang=ALL-UNNAMED --add-opens=java.base/java.lang.invoke=ALL-UNNAMED --add-opens=java.base/java.util=ALL-UNNAMED --add-opens=java.prefs/java.util.prefs=ALL-UNNAMED --add-opens=java.prefs/java.util.prefs=ALL-UNNAMED --add-opens=java.base/java.nio.charset=ALL-UNNAMED --add-opens=java.base/java.net=ALL-UNNAMED --add-opens=java.base/java.util.concurrent.atomic=ALL-UNNAMED -Xmx2048m -Dfile.encoding=UTF-8 -Duser.country=US -Duser.language=en -Duser.variant 
java_command: org.gradle.launcher.daemon.bootstrap.GradleDaemon 7.0.2
java_class_path (initial): C:\Users\2001r\.gradle\wrapper\dists\gradle-7.0.2-bin\857tjihv64xamwrf0h14cai3r\gradle-7.0.2\lib\gradle-launcher-7.0.2.jar
Launcher Type: SUN_STANDARD

[Global flags]
     intx CICompilerCount                          = 4                                         {product} {ergonomic}
     uint ConcGCThreads                            = 2                                         {product} {ergonomic}
     uint G1ConcRefinementThreads                  = 8                                         {product} {ergonomic}
   size_t G1HeapRegionSize                         = 1048576                                   {product} {ergonomic}
    uintx GCDrainStackTargetSize                   = 64                                        {product} {ergonomic}
   size_t InitialHeapSize                          = 132120576                                 {product} {ergonomic}
   size_t MarkStackSize                            = 4194304                                   {product} {ergonomic}
   size_t MaxHeapSize                              = 2147483648                                {product} {command line}
   size_t MaxNewSize                               = 1287651328                                {product} {ergonomic}
   size_t MinHeapDeltaBytes                        = 1048576                                   {product} {ergonomic}
    uintx NonNMethodCodeHeapSize                   = 5836300                                {pd product} {ergonomic}
    uintx NonProfiledCodeHeapSize                  = 122910970                              {pd product} {ergonomic}
    uintx ProfiledCodeHeapSize                     = 122910970                              {pd product} {ergonomic}
    uintx ReservedCodeCacheSize                    = 251658240                              {pd product} {ergonomic}
     bool SegmentedCodeCache                       = true                                      {product} {ergonomic}
     bool UseCompressedClassPointers               = true                                 {lp64_product} {ergonomic}
     bool UseCompressedOops                        = true                                 {lp64_product} {ergonomic}
     bool UseG1GC                                  = true                                      {product} {ergonomic}
     bool UseLargePagesIndividualAllocation        = false                                  {pd product} {ergonomic}

Logging:
Log output configuration:
 #0: stdout all=warning uptime,level,tags
 #1: stderr all=off uptime,level,tags

Environment Variables:
PATH=C:\Program Files (x86)\Common Files\Intel\Shared Libraries\redist\intel64\compiler;C:\Program Files (x86)\Intel\Intel(R) Management Engine Components\iCLS\;C:\Program Files\Intel\Intel(R) Management Engine Components\iCLS\;C:\Windows\system32;C:\Windows;C:\Windows\System32\Wbem;C:\Windows\System32\WindowsPowerShell\v1.0\;C:\Windows\System32\OpenSSH\;C:\Program Files (x86)\NVIDIA Corporation\PhysX\Common;C:\Program Files (x86)\Intel\Intel(R) Management Engine Components\DAL;C:\Program Files\Intel\Intel(R) Management Engine Components\DAL;C:\WINDOWS\system32;C:\WINDOWS;C:\WINDOWS\System32\Wbem;C:\WINDOWS\System32\WindowsPowerShell\v1.0\;C:\WINDOWS\System32\OpenSSH\;C:\Program Files\Intel\WiFi\bin\;C:\Program Files\Common Files\Intel\WirelessCommon\;C:\Program Files\Microsoft SQL Server\Client SDK\ODBC\110\Tools\Binn\;C:\Program Files (x86)\Microsoft SQL Server\120\Tools\Binn\;C:\Program Files\Microsoft SQL Server\120\Tools\Binn\;C:\Program Files\Microsoft SQL Server\120\DTS\Binn\;C:\Program Files (x86)\Windows Kits\8.1\Windows Performance Toolkit\;C:\Program Files (x86)\IVI Foundation\VISA\WinNT\Bin\;C:\Program Files\IVI Foundation\VISA\Win64\Bin\;C:\Program Files (x86)\National Instruments\Shared\LabVIEW CLI;C:\Program Files (x86)\IVI Foundation\VISA\WinNT\Bin;C:\Program Files\NVIDIA Corporation\NVIDIA NvDLISR;C:\Program Files\Microchip\xc8\v2.32\bin;C:\Program Files\MATLAB\R2021b\bin;C:\Program Files\Git\cmd;C:\Users\2001r\AppData\Local\Microsoft\WindowsApps;
USERNAME=Rebecca
OS=Windows_NT
PROCESSOR_IDENTIFIER=Intel64 Family 6 Model 142 Stepping 11, GenuineIntel



---------------  S Y S T E M  ---------------

OS: Windows 10 , 64 bit Build 19041 (10.0.19041.1566)
OS uptime: 2 days 1:58 hours

CPU:total 8 (initial active 8) (4 cores per cpu, 2 threads per core) family 6 model 142 stepping 11 microcode 0xb8, cmov, cx8, fxsr, mmx, sse, sse2, sse3, ssse3, sse4.1, sse4.2, popcnt, avx, avx2, aes, clmul, erms, 3dnowpref, lzcnt, ht, tsc, tscinvbit, bmi1, bmi2, adx, fma

Memory: 4k page, system-wide physical 8005M (1335M free)
TotalPageFile size 18005M (AvailPageFile size 25M)
current process WorkingSet (physical memory assigned to process): 400M, peak: 404M
current process commit charge ("private bytes"): 437M, peak: 467M

vm_info: OpenJDK 64-Bit Server VM (11.0.10+0-b96-7249189) for windows-amd64 JRE (11.0.10+0-b96-7249189), built on Mar 31 2021 21:44:00 by "builder" with MS VC++ 14.0 (VS2015)

END.
