#
# There is insufficient memory for the Java Runtime Environment to continue.
# Native memory allocation (malloc) failed to allocate 1326736 bytes for Chunk::new
# Possible reasons:
#   The system is out of physical RAM or swap space
#   The process is running with CompressedOops enabled, and the Java Heap may be blocking the growth of the native heap
# Possible solutions:
#   Reduce memory load on the system
#   Increase physical memory or swap space
#   Check if swap backing store is full
#   Decrease Java heap size (-Xmx/-Xms)
#   Decrease number of Java threads
#   Decrease Java thread stack sizes (-Xss)
#   Set larger code cache with -XX:ReservedCodeCacheSize=
#   JVM is running with Unscaled Compressed Oops mode in which the Java heap is
#     placed in the first 4GB address space. The Java Heap base address is the
#     maximum limit for the native heap growth. Please use -XX:HeapBaseMinAddress
#     to set the Java Heap base and to place the Java Heap above 4GB virtual address.
# This output file may be truncated or incomplete.
#
#  Out of Memory Error (./src/hotspot/share/memory/arena.cpp:197), pid=22368, tid=24172
#
# JRE version: OpenJDK Runtime Environment (11.0.10) (build 11.0.10+0-b96-7249189)
# Java VM: OpenJDK 64-Bit Server VM (11.0.10+0-b96-7249189, mixed mode, tiered, compressed oops, g1 gc, windows-amd64)
# No core dump will be written. Minidumps are not enabled by default on client versions of Windows
#

---------------  S U M M A R Y ------------

Command Line: --add-opens=java.base/java.util=ALL-UNNAMED --add-opens=java.base/java.lang=ALL-UNNAMED --add-opens=java.base/java.lang.invoke=ALL-UNNAMED --add-opens=java.base/java.util=ALL-UNNAMED --add-opens=java.prefs/java.util.prefs=ALL-UNNAMED --add-opens=java.prefs/java.util.prefs=ALL-UNNAMED --add-opens=java.base/java.nio.charset=ALL-UNNAMED --add-opens=java.base/java.net=ALL-UNNAMED --add-opens=java.base/java.util.concurrent.atomic=ALL-UNNAMED -Xmx2048m -Dfile.encoding=UTF-8 -Duser.country=US -Duser.language=en -Duser.variant org.gradle.launcher.daemon.bootstrap.GradleDaemon 7.0.2

Host: Intel(R) Core(TM) i5-8265U CPU @ 1.60GHz, 8 cores, 7G,  Windows 10 , 64 bit Build 19041 (10.0.19041.1566)
Time: Wed Mar 16 14:13:33 2022 Romance Standard Time elapsed time: 4.103863 seconds (0d 0h 0m 4s)

---------------  T H R E A D  ---------------

Current thread (0x000002f746aad800):  JavaThread "C2 CompilerThread1" daemon [_thread_in_native, id=24172, stack(0x000000fbeb800000,0x000000fbeb900000)]


Current CompileTask:
C2:   4103 3641       4       org.codehaus.groovy.runtime.metaclass.MetaMethodIndex::addMethodToList (131 bytes)

Stack: [0x000000fbeb800000,0x000000fbeb900000]
Native frames: (J=compiled Java code, j=interpreted, Vv=VM code, C=native code)
V  [jvm.dll+0x5ecfaa]
V  [jvm.dll+0x722bd5]
V  [jvm.dll+0x72412d]
V  [jvm.dll+0x7247e3]
V  [jvm.dll+0x242928]
V  [jvm.dll+0xbc4fc]
V  [jvm.dll+0xbca0c]
V  [jvm.dll+0x352d7d]
V  [jvm.dll+0x197e0c]
V  [jvm.dll+0x1fb70e]
V  [jvm.dll+0x1fa7f4]
V  [jvm.dll+0x18354c]
V  [jvm.dll+0x208ee7]
V  [jvm.dll+0x207731]
V  [jvm.dll+0x6eb1cf]
V  [jvm.dll+0x6e3d45]
V  [jvm.dll+0x5ebe96]
C  [ucrtbase.dll+0x21bb2]
C  [KERNEL32.DLL+0x17034]
C  [ntdll.dll+0x52651]


---------------  P R O C E S S  ---------------

Threads class SMR info:
_java_thread_list=0x000002f748c655a0, length=37, elements={
0x000002f728ad1000, 0x000002f742f46800, 0x000002f742f52000, 0x000002f742f60000,
0x000002f742f61000, 0x000002f742f63000, 0x000002f742f68000, 0x000002f742f69800,
0x000002f742f6c800, 0x000002f743a31000, 0x000002f74621d800, 0x000002f746541800,
0x000002f745675000, 0x000002f744c95800, 0x000002f746345000, 0x000002f744925800,
0x000002f745de5800, 0x000002f7463ba800, 0x000002f746444800, 0x000002f745c00000,
0x000002f746aad800, 0x000002f745c05000, 0x000002f745bff800, 0x000002f745c03800,
0x000002f745c06000, 0x000002f745c01000, 0x000002f745c01800, 0x000002f745c04000,
0x000002f745c02800, 0x000002f7465b3800, 0x000002f746b5a000, 0x000002f746b5b000,
0x000002f746b5c800, 0x000002f746b57000, 0x000002f746b5d800, 0x000002f746b5e000,
0x000002f746b58800
}

Java Threads: ( => current thread )
  0x000002f728ad1000 JavaThread "main" [_thread_blocked, id=14456, stack(0x000000fbe9b00000,0x000000fbe9c00000)]
  0x000002f742f46800 JavaThread "Reference Handler" daemon [_thread_blocked, id=5064, stack(0x000000fbea200000,0x000000fbea300000)]
  0x000002f742f52000 JavaThread "Finalizer" daemon [_thread_blocked, id=10984, stack(0x000000fbea300000,0x000000fbea400000)]
  0x000002f742f60000 JavaThread "Signal Dispatcher" daemon [_thread_blocked, id=10724, stack(0x000000fbea400000,0x000000fbea500000)]
  0x000002f742f61000 JavaThread "Attach Listener" daemon [_thread_blocked, id=20168, stack(0x000000fbea500000,0x000000fbea600000)]
  0x000002f742f63000 JavaThread "Service Thread" daemon [_thread_blocked, id=10972, stack(0x000000fbea600000,0x000000fbea700000)]
  0x000002f742f68000 JavaThread "C2 CompilerThread0" daemon [_thread_in_native, id=23356, stack(0x000000fbea700000,0x000000fbea800000)]
  0x000002f742f69800 JavaThread "C1 CompilerThread0" daemon [_thread_blocked, id=3988, stack(0x000000fbea800000,0x000000fbea900000)]
  0x000002f742f6c800 JavaThread "Sweeper thread" daemon [_thread_blocked, id=19372, stack(0x000000fbea900000,0x000000fbeaa00000)]
  0x000002f743a31000 JavaThread "Common-Cleaner" daemon [_thread_blocked, id=5312, stack(0x000000fbeaa00000,0x000000fbeab00000)]
  0x000002f74621d800 JavaThread "Daemon health stats" [_thread_blocked, id=15940, stack(0x000000fbeb000000,0x000000fbeb100000)]
  0x000002f746541800 JavaThread "Incoming local TCP Connector on port 65181" [_thread_in_native, id=1692, stack(0x000000fbeac00000,0x000000fbead00000)]
  0x000002f745675000 JavaThread "Daemon periodic checks" [_thread_blocked, id=23920, stack(0x000000fbeaf00000,0x000000fbeb000000)]
  0x000002f744c95800 JavaThread "Daemon" [_thread_blocked, id=18104, stack(0x000000fbeb100000,0x000000fbeb200000)]
  0x000002f746345000 JavaThread "Handler for socket connection from /127.0.0.1:65181 to /127.0.0.1:65182" [_thread_in_native, id=22484, stack(0x000000fbeb200000,0x000000fbeb300000)]
  0x000002f744925800 JavaThread "Cancel handler" [_thread_blocked, id=21912, stack(0x000000fbeb300000,0x000000fbeb400000)]
  0x000002f745de5800 JavaThread "Daemon worker" [_thread_in_vm, id=20076, stack(0x000000fbeb400000,0x000000fbeb500000)]
  0x000002f7463ba800 JavaThread "Asynchronous log dispatcher for DefaultDaemonConnection: socket connection from /127.0.0.1:65181 to /127.0.0.1:65182" [_thread_blocked, id=23228, stack(0x000000fbeb500000,0x000000fbeb600000)]
  0x000002f746444800 JavaThread "Stdin handler" [_thread_blocked, id=23664, stack(0x000000fbeb600000,0x000000fbeb700000)]
  0x000002f745c00000 JavaThread "Daemon client event forwarder" [_thread_blocked, id=14648, stack(0x000000fbeb700000,0x000000fbeb800000)]
=>0x000002f746aad800 JavaThread "C2 CompilerThread1" daemon [_thread_in_native, id=24172, stack(0x000000fbeb800000,0x000000fbeb900000)]
  0x000002f745c05000 JavaThread "Cache worker for file hash cache (C:\Users\2001r\.gradle\caches\7.0.2\fileHashes)" [_thread_blocked, id=1448, stack(0x000000fbebe00000,0x000000fbebf00000)]
  0x000002f745bff800 JavaThread "File lock request listener" [_thread_in_native, id=6108, stack(0x000000fbebf00000,0x000000fbec000000)]
  0x000002f745c03800 JavaThread "Cache worker for journal cache (C:\Users\2001r\.gradle\caches\journal-1)" [_thread_blocked, id=24060, stack(0x000000fbec100000,0x000000fbec200000)]
  0x000002f745c06000 JavaThread "Cache worker for file hash cache (C:\Users\2001r\Documents\School\Bachelor 3\Semester 2\EE5\buddy\.gradle\7.0.2\fileHashes)" [_thread_blocked, id=12012, stack(0x000000fbec200000,0x000000fbec300000)]
  0x000002f745c01000 JavaThread "File watcher server" daemon [_thread_in_native, id=20748, stack(0x000000fbec300000,0x000000fbec400000)]
  0x000002f745c01800 JavaThread "File watcher consumer" daemon [_thread_blocked, id=19712, stack(0x000000fbec400000,0x000000fbec500000)]
  0x000002f745c04000 JavaThread "Cache worker for checksums cache (C:\Users\2001r\Documents\School\Bachelor 3\Semester 2\EE5\buddy\.gradle\checksums)" [_thread_blocked, id=22968, stack(0x000000fbec500000,0x000000fbec600000)]
  0x000002f745c02800 JavaThread "Cache worker for cache directory md-supplier (C:\Users\2001r\.gradle\caches\7.0.2\md-supplier)" [_thread_blocked, id=6444, stack(0x000000fbec600000,0x000000fbec700000)]
  0x000002f7465b3800 JavaThread "C2 CompilerThread2" daemon [_thread_in_native, id=13708, stack(0x000000fbec700000,0x000000fbec800000)]
  0x000002f746b5a000 JavaThread "Cache worker for cache directory md-rule (C:\Users\2001r\.gradle\caches\7.0.2\md-rule)" [_thread_blocked, id=22452, stack(0x000000fbec800000,0x000000fbec900000)]
  0x000002f746b5b000 JavaThread "Cache worker for execution history cache (C:\Users\2001r\.gradle\caches\7.0.2\executionHistory)" [_thread_blocked, id=6644, stack(0x000000fbec900000,0x000000fbeca00000)]
  0x000002f746b5c800 JavaThread "jar transforms" [_thread_blocked, id=24288, stack(0x000000fbeca00000,0x000000fbecb00000)]
  0x000002f746b57000 JavaThread "jar transforms Thread 2" [_thread_blocked, id=5508, stack(0x000000fbecb00000,0x000000fbecc00000)]
  0x000002f746b5d800 JavaThread "Cache worker for file content cache (C:\Users\2001r\.gradle\caches\7.0.2\fileContent)" [_thread_blocked, id=13272, stack(0x000000fbecc00000,0x000000fbecd00000)]
  0x000002f746b5e000 JavaThread "Cache worker for dependencies-accessors (C:\Users\2001r\Documents\School\Bachelor 3\Semester 2\EE5\buddy\.gradle\7.0.2\dependencies-accessors)" [_thread_blocked, id=9204, stack(0x000000fbecd00000,0x000000fbece00000)]
  0x000002f746b58800 JavaThread "jar transforms Thread 3" [_thread_blocked, id=5148, stack(0x000000fbece00000,0x000000fbecf00000)]

Other Threads:
  0x000002f742f42800 VMThread "VM Thread" [stack: 0x000000fbea100000,0x000000fbea200000] [id=23196]
  0x000002f743a45000 WatcherThread [stack: 0x000000fbeab00000,0x000000fbeac00000] [id=12084]
  0x000002f728aea800 GCTaskThread "GC Thread#0" [stack: 0x000000fbe9c00000,0x000000fbe9d00000] [id=1840]
  0x000002f744994800 GCTaskThread "GC Thread#1" [stack: 0x000000fbead00000,0x000000fbeae00000] [id=12148]
  0x000002f744467000 GCTaskThread "GC Thread#2" [stack: 0x000000fbeae00000,0x000000fbeaf00000] [id=16392]
  0x000002f746aac000 GCTaskThread "GC Thread#3" [stack: 0x000000fbeb900000,0x000000fbeba00000] [id=7580]
  0x000002f745db2800 GCTaskThread "GC Thread#4" [stack: 0x000000fbeba00000,0x000000fbebb00000] [id=1764]
  0x000002f745db3000 GCTaskThread "GC Thread#5" [stack: 0x000000fbebb00000,0x000000fbebc00000] [id=12376]
  0x000002f744f68000 GCTaskThread "GC Thread#6" [stack: 0x000000fbebc00000,0x000000fbebd00000] [id=1072]
  0x000002f745c42000 GCTaskThread "GC Thread#7" [stack: 0x000000fbebd00000,0x000000fbebe00000] [id=3504]
  0x000002f728b1a800 ConcurrentGCThread "G1 Main Marker" [stack: 0x000000fbe9d00000,0x000000fbe9e00000] [id=6780]
  0x000002f728b1c000 ConcurrentGCThread "G1 Conc#0" [stack: 0x000000fbe9e00000,0x000000fbe9f00000] [id=18560]
  0x000002f745eb6000 ConcurrentGCThread "G1 Conc#1" [stack: 0x000000fbec000000,0x000000fbec100000] [id=22588]
  0x000002f742d90800 ConcurrentGCThread "G1 Refine#0" [stack: 0x000000fbe9f00000,0x000000fbea000000] [id=12504]
  0x000002f742d91800 ConcurrentGCThread "G1 Young RemSet Sampling" [stack: 0x000000fbea000000,0x000000fbea100000] [id=23912]

Threads with active compile tasks:
C2 CompilerThread0   4124 3723       4       sun.net.util.URLUtil::urlNoFragString (114 bytes)
C2 CompilerThread1   4124 3641       4       org.codehaus.groovy.runtime.metaclass.MetaMethodIndex::addMethodToList (131 bytes)
C2 CompilerThread2   4124 3728       4       jdk.internal.loader.URLClassPath$JarLoader$2::getInputStream (15 bytes)

VM state:not at safepoint (normal execution)

VM Mutex/Monitor currently owned by a thread: None

Heap address: 0x0000000080000000, size: 2048 MB, Compressed Oops mode: 32-bit
Narrow klass base: 0x0000000000000000, Narrow klass shift: 3
Compressed class space size: 1073741824 Address: 0x0000000100000000

Heap:
 garbage-first heap   total 155648K, used 35303K [0x0000000080000000, 0x0000000100000000)
  region size 1024K, 14 young (14336K), 7 survivors (7168K)
 Metaspace       used 44346K, capacity 45396K, committed 45644K, reserved 1089536K
  class space    used 5692K, capacity 6103K, committed 6220K, reserved 1048576K
Heap Regions: E=young(eden), S=young(survivor), O=old, HS=humongous(starts), HC=humongous(continues), CS=collection set, F=free, A=archive, TAMS=top-at-mark-start (previous, next)
|   0|0x0000000080000000, 0x0000000080100000, 0x0000000080100000|100%| O|  |TAMS 0x0000000080100000, 0x0000000080000000| Untracked 
|   1|0x0000000080100000, 0x0000000080200000, 0x0000000080200000|100%| O|  |TAMS 0x0000000080200000, 0x0000000080100000| Untracked 
|   2|0x0000000080200000, 0x0000000080300000, 0x0000000080300000|100%| O|  |TAMS 0x0000000080300000, 0x0000000080200000| Untracked 
|   3|0x0000000080300000, 0x0000000080400000, 0x0000000080400000|100%|HS|  |TAMS 0x0000000080400000, 0x0000000080300000| Complete 
|   4|0x0000000080400000, 0x0000000080500000, 0x0000000080500000|100%|HC|  |TAMS 0x0000000080500000, 0x0000000080400000| Complete 
|   5|0x0000000080500000, 0x0000000080600000, 0x0000000080600000|100%|HC|  |TAMS 0x0000000080600000, 0x0000000080500000| Complete 
|   6|0x0000000080600000, 0x0000000080700000, 0x0000000080700000|100%| O|  |TAMS 0x0000000080700000, 0x0000000080600000| Untracked 
|   7|0x0000000080700000, 0x0000000080800000, 0x0000000080800000|100%| O|  |TAMS 0x0000000080800000, 0x0000000080700000| Untracked 
|   8|0x0000000080800000, 0x0000000080900000, 0x0000000080900000|100%| O|  |TAMS 0x0000000080900000, 0x0000000080800000| Untracked 
|   9|0x0000000080900000, 0x0000000080a00000, 0x0000000080a00000|100%| O|  |TAMS 0x0000000080a00000, 0x0000000080900000| Untracked 
|  10|0x0000000080a00000, 0x0000000080b00000, 0x0000000080b00000|100%| O|  |TAMS 0x0000000080b00000, 0x0000000080a00000| Untracked 
|  11|0x0000000080b00000, 0x0000000080c00000, 0x0000000080c00000|100%| O|  |TAMS 0x0000000080c00000, 0x0000000080b00000| Untracked 
|  12|0x0000000080c00000, 0x0000000080d00000, 0x0000000080d00000|100%| O|  |TAMS 0x0000000080d00000, 0x0000000080c00000| Untracked 
|  13|0x0000000080d00000, 0x0000000080e00000, 0x0000000080e00000|100%| O|  |TAMS 0x0000000080e00000, 0x0000000080d00000| Untracked 
|  14|0x0000000080e00000, 0x0000000080f00000, 0x0000000080f00000|100%| O|  |TAMS 0x0000000080f00000, 0x0000000080e00000| Untracked 
|  15|0x0000000080f00000, 0x0000000081000000, 0x0000000081000000|100%| O|  |TAMS 0x0000000081000000, 0x0000000080f00000| Untracked 
|  16|0x0000000081000000, 0x0000000081100000, 0x0000000081100000|100%| O|  |TAMS 0x0000000081100000, 0x0000000081000000| Untracked 
|  17|0x0000000081100000, 0x0000000081200000, 0x0000000081200000|100%| O|  |TAMS 0x0000000081200000, 0x0000000081100000| Untracked 
|  18|0x0000000081200000, 0x0000000081300000, 0x0000000081300000|100%| O|  |TAMS 0x0000000081227c00, 0x0000000081200000| Untracked 
|  19|0x0000000081300000, 0x0000000081300000, 0x0000000081400000|  0%| F|  |TAMS 0x0000000081300000, 0x0000000081300000| Untracked 
|  20|0x0000000081400000, 0x0000000081500000, 0x0000000081500000|100%| O|  |TAMS 0x0000000081400000, 0x0000000081400000| Untracked 
|  21|0x0000000081500000, 0x0000000081600000, 0x0000000081600000|100%| O|  |TAMS 0x0000000081500000, 0x0000000081500000| Untracked 
|  22|0x0000000081600000, 0x0000000081700000, 0x0000000081700000|100%| O|  |TAMS 0x0000000081600000, 0x0000000081600000| Untracked 
|  23|0x0000000081700000, 0x0000000081705400, 0x0000000081800000|  2%| O|  |TAMS 0x0000000081700000, 0x0000000081700000| Untracked 
|  24|0x0000000081800000, 0x0000000081800000, 0x0000000081900000|  0%| F|  |TAMS 0x0000000081800000, 0x0000000081800000| Untracked 
|  25|0x0000000081900000, 0x0000000081900000, 0x0000000081a00000|  0%| F|  |TAMS 0x0000000081900000, 0x0000000081900000| Untracked 
|  26|0x0000000081a00000, 0x0000000081a00000, 0x0000000081b00000|  0%| F|  |TAMS 0x0000000081a00000, 0x0000000081a00000| Untracked 
|  27|0x0000000081b00000, 0x0000000081b00000, 0x0000000081c00000|  0%| F|  |TAMS 0x0000000081b00000, 0x0000000081b00000| Untracked 
|  28|0x0000000081c00000, 0x0000000081c00000, 0x0000000081d00000|  0%| F|  |TAMS 0x0000000081c00000, 0x0000000081c00000| Untracked 
|  29|0x0000000081d00000, 0x0000000081d00000, 0x0000000081e00000|  0%| F|  |TAMS 0x0000000081d00000, 0x0000000081d00000| Untracked 
|  30|0x0000000081e00000, 0x0000000081e00000, 0x0000000081f00000|  0%| F|  |TAMS 0x0000000081e00000, 0x0000000081e00000| Untracked 
|  31|0x0000000081f00000, 0x0000000081f00000, 0x0000000082000000|  0%| F|  |TAMS 0x0000000081f00000, 0x0000000081f00000| Untracked 
|  32|0x0000000082000000, 0x0000000082000000, 0x0000000082100000|  0%| F|  |TAMS 0x0000000082000000, 0x0000000082000000| Untracked 
|  33|0x0000000082100000, 0x0000000082100000, 0x0000000082200000|  0%| F|  |TAMS 0x0000000082100000, 0x0000000082100000| Untracked 
|  34|0x0000000082200000, 0x0000000082200000, 0x0000000082300000|  0%| F|  |TAMS 0x0000000082200000, 0x0000000082200000| Untracked 
|  35|0x0000000082300000, 0x0000000082300000, 0x0000000082400000|  0%| F|  |TAMS 0x0000000082300000, 0x0000000082300000| Untracked 
|  36|0x0000000082400000, 0x0000000082400000, 0x0000000082500000|  0%| F|  |TAMS 0x0000000082400000, 0x0000000082400000| Untracked 
|  37|0x0000000082500000, 0x0000000082500000, 0x0000000082600000|  0%| F|  |TAMS 0x0000000082500000, 0x0000000082500000| Untracked 
|  38|0x0000000082600000, 0x0000000082600000, 0x0000000082700000|  0%| F|  |TAMS 0x0000000082600000, 0x0000000082600000| Untracked 
|  39|0x0000000082700000, 0x0000000082700000, 0x0000000082800000|  0%| F|  |TAMS 0x0000000082700000, 0x0000000082700000| Untracked 
|  40|0x0000000082800000, 0x0000000082800000, 0x0000000082900000|  0%| F|  |TAMS 0x0000000082800000, 0x0000000082800000| Untracked 
|  41|0x0000000082900000, 0x0000000082900000, 0x0000000082a00000|  0%| F|  |TAMS 0x0000000082900000, 0x0000000082900000| Untracked 
|  42|0x0000000082a00000, 0x0000000082a00000, 0x0000000082b00000|  0%| F|  |TAMS 0x0000000082a00000, 0x0000000082a00000| Untracked 
|  43|0x0000000082b00000, 0x0000000082b00000, 0x0000000082c00000|  0%| F|  |TAMS 0x0000000082b00000, 0x0000000082b00000| Untracked 
|  44|0x0000000082c00000, 0x0000000082c00000, 0x0000000082d00000|  0%| F|  |TAMS 0x0000000082c00000, 0x0000000082c00000| Untracked 
|  45|0x0000000082d00000, 0x0000000082d00000, 0x0000000082e00000|  0%| F|  |TAMS 0x0000000082d00000, 0x0000000082d00000| Untracked 
|  46|0x0000000082e00000, 0x0000000082e00000, 0x0000000082f00000|  0%| F|  |TAMS 0x0000000082e00000, 0x0000000082e00000| Untracked 
|  47|0x0000000082f00000, 0x0000000082f00000, 0x0000000083000000|  0%| F|  |TAMS 0x0000000082f00000, 0x0000000082f00000| Untracked 
|  48|0x0000000083000000, 0x0000000083000000, 0x0000000083100000|  0%| F|  |TAMS 0x0000000083000000, 0x0000000083000000| Untracked 
|  49|0x0000000083100000, 0x0000000083100000, 0x0000000083200000|  0%| F|  |TAMS 0x0000000083100000, 0x0000000083100000| Untracked 
|  50|0x0000000083200000, 0x0000000083200000, 0x0000000083300000|  0%| F|  |TAMS 0x0000000083200000, 0x0000000083200000| Untracked 
|  51|0x0000000083300000, 0x0000000083300000, 0x0000000083400000|  0%| F|  |TAMS 0x0000000083300000, 0x0000000083300000| Untracked 
|  52|0x0000000083400000, 0x0000000083400000, 0x0000000083500000|  0%| F|  |TAMS 0x0000000083400000, 0x0000000083400000| Untracked 
|  53|0x0000000083500000, 0x0000000083500000, 0x0000000083600000|  0%| F|  |TAMS 0x0000000083500000, 0x0000000083500000| Untracked 
|  54|0x0000000083600000, 0x0000000083600000, 0x0000000083700000|  0%| F|  |TAMS 0x0000000083600000, 0x0000000083600000| Untracked 
|  55|0x0000000083700000, 0x0000000083700000, 0x0000000083800000|  0%| F|  |TAMS 0x0000000083700000, 0x0000000083700000| Untracked 
|  56|0x0000000083800000, 0x0000000083800000, 0x0000000083900000|  0%| F|  |TAMS 0x0000000083800000, 0x0000000083800000| Untracked 
|  57|0x0000000083900000, 0x0000000083900000, 0x0000000083a00000|  0%| F|  |TAMS 0x0000000083900000, 0x0000000083900000| Untracked 
|  58|0x0000000083a00000, 0x0000000083a748b0, 0x0000000083b00000| 45%| S|CS|TAMS 0x0000000083a00000, 0x0000000083a00000| Complete 
|  59|0x0000000083b00000, 0x0000000083c00000, 0x0000000083c00000|100%| S|CS|TAMS 0x0000000083b00000, 0x0000000083b00000| Complete 
|  60|0x0000000083c00000, 0x0000000083d00000, 0x0000000083d00000|100%| S|CS|TAMS 0x0000000083c00000, 0x0000000083c00000| Complete 
|  61|0x0000000083d00000, 0x0000000083d00000, 0x0000000083e00000|  0%| F|  |TAMS 0x0000000083d00000, 0x0000000083d00000| Untracked 
|  62|0x0000000083e00000, 0x0000000083e00000, 0x0000000083f00000|  0%| F|  |TAMS 0x0000000083e00000, 0x0000000083e00000| Untracked 
|  63|0x0000000083f00000, 0x0000000083f00000, 0x0000000084000000|  0%| F|  |TAMS 0x0000000083f00000, 0x0000000083f00000| Untracked 
|  64|0x0000000084000000, 0x0000000084000000, 0x0000000084100000|  0%| F|  |TAMS 0x0000000084000000, 0x0000000084000000| Untracked 
|  65|0x0000000084100000, 0x0000000084100000, 0x0000000084200000|  0%| F|  |TAMS 0x0000000084100000, 0x0000000084100000| Untracked 
|  66|0x0000000084200000, 0x0000000084200000, 0x0000000084300000|  0%| F|  |TAMS 0x0000000084200000, 0x0000000084200000| Untracked 
|  67|0x0000000084300000, 0x0000000084300000, 0x0000000084400000|  0%| F|  |TAMS 0x0000000084300000, 0x0000000084300000| Untracked 
|  68|0x0000000084400000, 0x0000000084400000, 0x0000000084500000|  0%| F|  |TAMS 0x0000000084400000, 0x0000000084400000| Untracked 
|  69|0x0000000084500000, 0x0000000084600000, 0x0000000084600000|100%| S|CS|TAMS 0x0000000084500000, 0x0000000084500000| Complete 
|  70|0x0000000084600000, 0x0000000084700000, 0x0000000084700000|100%| S|CS|TAMS 0x0000000084600000, 0x0000000084600000| Complete 
|  71|0x0000000084700000, 0x0000000084800000, 0x0000000084800000|100%| S|CS|TAMS 0x0000000084700000, 0x0000000084700000| Complete 
|  72|0x0000000084800000, 0x0000000084900000, 0x0000000084900000|100%| S|CS|TAMS 0x0000000084800000, 0x0000000084800000| Complete 
|  73|0x0000000084900000, 0x0000000084900000, 0x0000000084a00000|  0%| F|  |TAMS 0x0000000084900000, 0x0000000084900000| Untracked 
|  74|0x0000000084a00000, 0x0000000084a00000, 0x0000000084b00000|  0%| F|  |TAMS 0x0000000084a00000, 0x0000000084a00000| Untracked 
|  75|0x0000000084b00000, 0x0000000084b00000, 0x0000000084c00000|  0%| F|  |TAMS 0x0000000084b00000, 0x0000000084b00000| Untracked 
|  76|0x0000000084c00000, 0x0000000084c00000, 0x0000000084d00000|  0%| F|  |TAMS 0x0000000084c00000, 0x0000000084c00000| Untracked 
|  77|0x0000000084d00000, 0x0000000084d00000, 0x0000000084e00000|  0%| F|  |TAMS 0x0000000084d00000, 0x0000000084d00000| Untracked 
|  78|0x0000000084e00000, 0x0000000084e00000, 0x0000000084f00000|  0%| F|  |TAMS 0x0000000084e00000, 0x0000000084e00000| Untracked 
|  79|0x0000000084f00000, 0x0000000084f00000, 0x0000000085000000|  0%| F|  |TAMS 0x0000000084f00000, 0x0000000084f00000| Untracked 
|  80|0x0000000085000000, 0x0000000085000000, 0x0000000085100000|  0%| F|  |TAMS 0x0000000085000000, 0x0000000085000000| Untracked 
|  81|0x0000000085100000, 0x0000000085100000, 0x0000000085200000|  0%| F|  |TAMS 0x0000000085100000, 0x0000000085100000| Untracked 
|  82|0x0000000085200000, 0x0000000085200000, 0x0000000085300000|  0%| F|  |TAMS 0x0000000085200000, 0x0000000085200000| Untracked 
|  83|0x0000000085300000, 0x0000000085300000, 0x0000000085400000|  0%| F|  |TAMS 0x0000000085300000, 0x0000000085300000| Untracked 
|  84|0x0000000085400000, 0x0000000085400000, 0x0000000085500000|  0%| F|  |TAMS 0x0000000085400000, 0x0000000085400000| Untracked 
|  85|0x0000000085500000, 0x0000000085500000, 0x0000000085600000|  0%| F|  |TAMS 0x0000000085500000, 0x0000000085500000| Untracked 
|  86|0x0000000085600000, 0x0000000085600000, 0x0000000085700000|  0%| F|  |TAMS 0x0000000085600000, 0x0000000085600000| Untracked 
|  87|0x0000000085700000, 0x0000000085700000, 0x0000000085800000|  0%| F|  |TAMS 0x0000000085700000, 0x0000000085700000| Untracked 
|  88|0x0000000085800000, 0x0000000085800000, 0x0000000085900000|  0%| F|  |TAMS 0x0000000085800000, 0x0000000085800000| Untracked 
|  89|0x0000000085900000, 0x0000000085900000, 0x0000000085a00000|  0%| F|  |TAMS 0x0000000085900000, 0x0000000085900000| Untracked 
|  90|0x0000000085a00000, 0x0000000085a00000, 0x0000000085b00000|  0%| F|  |TAMS 0x0000000085a00000, 0x0000000085a00000| Untracked 
|  91|0x0000000085b00000, 0x0000000085b00000, 0x0000000085c00000|  0%| F|  |TAMS 0x0000000085b00000, 0x0000000085b00000| Untracked 
|  92|0x0000000085c00000, 0x0000000085c00000, 0x0000000085d00000|  0%| F|  |TAMS 0x0000000085c00000, 0x0000000085c00000| Untracked 
|  93|0x0000000085d00000, 0x0000000085d00000, 0x0000000085e00000|  0%| F|  |TAMS 0x0000000085d00000, 0x0000000085d00000| Untracked 
|  94|0x0000000085e00000, 0x0000000085e00000, 0x0000000085f00000|  0%| F|  |TAMS 0x0000000085e00000, 0x0000000085e00000| Untracked 
|  95|0x0000000085f00000, 0x0000000085f00000, 0x0000000086000000|  0%| F|  |TAMS 0x0000000085f00000, 0x0000000085f00000| Untracked 
|  96|0x0000000086000000, 0x0000000086000000, 0x0000000086100000|  0%| F|  |TAMS 0x0000000086000000, 0x0000000086000000| Untracked 
|  97|0x0000000086100000, 0x0000000086100000, 0x0000000086200000|  0%| F|  |TAMS 0x0000000086100000, 0x0000000086100000| Untracked 
|  98|0x0000000086200000, 0x0000000086200000, 0x0000000086300000|  0%| F|  |TAMS 0x0000000086200000, 0x0000000086200000| Untracked 
|  99|0x0000000086300000, 0x0000000086300000, 0x0000000086400000|  0%| F|  |TAMS 0x0000000086300000, 0x0000000086300000| Untracked 
| 100|0x0000000086400000, 0x0000000086400000, 0x0000000086500000|  0%| F|  |TAMS 0x0000000086400000, 0x0000000086400000| Untracked 
| 101|0x0000000086500000, 0x0000000086500000, 0x0000000086600000|  0%| F|  |TAMS 0x0000000086500000, 0x0000000086500000| Untracked 
| 102|0x0000000086600000, 0x0000000086600000, 0x0000000086700000|  0%| F|  |TAMS 0x0000000086600000, 0x0000000086600000| Untracked 
| 103|0x0000000086700000, 0x0000000086700000, 0x0000000086800000|  0%| F|  |TAMS 0x0000000086700000, 0x0000000086700000| Untracked 
| 104|0x0000000086800000, 0x0000000086800000, 0x0000000086900000|  0%| F|  |TAMS 0x0000000086800000, 0x0000000086800000| Untracked 
| 105|0x0000000086900000, 0x0000000086900000, 0x0000000086a00000|  0%| F|  |TAMS 0x0000000086900000, 0x0000000086900000| Untracked 
| 106|0x0000000086a00000, 0x0000000086a00000, 0x0000000086b00000|  0%| F|  |TAMS 0x0000000086a00000, 0x0000000086a00000| Untracked 
| 107|0x0000000086b00000, 0x0000000086b00000, 0x0000000086c00000|  0%| F|  |TAMS 0x0000000086b00000, 0x0000000086b00000| Untracked 
| 108|0x0000000086c00000, 0x0000000086c00000, 0x0000000086d00000|  0%| F|  |TAMS 0x0000000086c00000, 0x0000000086c00000| Untracked 
| 109|0x0000000086d00000, 0x0000000086d00000, 0x0000000086e00000|  0%| F|  |TAMS 0x0000000086d00000, 0x0000000086d00000| Untracked 
| 110|0x0000000086e00000, 0x0000000086e00000, 0x0000000086f00000|  0%| F|  |TAMS 0x0000000086e00000, 0x0000000086e00000| Untracked 
| 111|0x0000000086f00000, 0x0000000086f00000, 0x0000000087000000|  0%| F|  |TAMS 0x0000000086f00000, 0x0000000086f00000| Untracked 
| 112|0x0000000087000000, 0x0000000087000000, 0x0000000087100000|  0%| F|  |TAMS 0x0000000087000000, 0x0000000087000000| Untracked 
| 113|0x0000000087100000, 0x0000000087100000, 0x0000000087200000|  0%| F|  |TAMS 0x0000000087100000, 0x0000000087100000| Untracked 
| 114|0x0000000087200000, 0x0000000087200000, 0x0000000087300000|  0%| F|  |TAMS 0x0000000087200000, 0x0000000087200000| Untracked 
| 115|0x0000000087300000, 0x0000000087300000, 0x0000000087400000|  0%| F|  |TAMS 0x0000000087300000, 0x0000000087300000| Untracked 
| 116|0x0000000087400000, 0x0000000087400000, 0x0000000087500000|  0%| F|  |TAMS 0x0000000087400000, 0x0000000087400000| Untracked 
| 117|0x0000000087500000, 0x0000000087500000, 0x0000000087600000|  0%| F|  |TAMS 0x0000000087500000, 0x0000000087500000| Untracked 
| 118|0x0000000087600000, 0x0000000087600000, 0x0000000087700000|  0%| F|  |TAMS 0x0000000087600000, 0x0000000087600000| Untracked 
| 119|0x0000000087700000, 0x0000000087700000, 0x0000000087800000|  0%| F|  |TAMS 0x0000000087700000, 0x0000000087700000| Untracked 
| 120|0x0000000087800000, 0x0000000087800000, 0x0000000087900000|  0%| F|  |TAMS 0x0000000087800000, 0x0000000087800000| Untracked 
| 121|0x0000000087900000, 0x0000000087900000, 0x0000000087a00000|  0%| F|  |TAMS 0x0000000087900000, 0x0000000087900000| Untracked 
| 122|0x0000000087a00000, 0x0000000087a00000, 0x0000000087b00000|  0%| F|  |TAMS 0x0000000087a00000, 0x0000000087a00000| Untracked 
| 123|0x0000000087b00000, 0x0000000087b00000, 0x0000000087c00000|  0%| F|  |TAMS 0x0000000087b00000, 0x0000000087b00000| Untracked 
| 124|0x0000000087c00000, 0x0000000087c00000, 0x0000000087d00000|  0%| F|  |TAMS 0x0000000087c00000, 0x0000000087c00000| Untracked 
| 125|0x0000000087d00000, 0x0000000087d00000, 0x0000000087e00000|  0%| F|  |TAMS 0x0000000087d00000, 0x0000000087d00000| Untracked 
| 126|0x0000000087e00000, 0x0000000087e00000, 0x0000000087f00000|  0%| F|  |TAMS 0x0000000087e00000, 0x0000000087e00000| Untracked 
| 127|0x0000000087f00000, 0x0000000087f00000, 0x0000000088000000|  0%| F|  |TAMS 0x0000000087f00000, 0x0000000087f00000| Untracked 
| 128|0x0000000088000000, 0x0000000088000000, 0x0000000088100000|  0%| F|  |TAMS 0x0000000088000000, 0x0000000088000000| Untracked 
| 129|0x0000000088100000, 0x0000000088100000, 0x0000000088200000|  0%| F|  |TAMS 0x0000000088100000, 0x0000000088100000| Untracked 
| 130|0x0000000088200000, 0x0000000088200000, 0x0000000088300000|  0%| F|  |TAMS 0x0000000088200000, 0x0000000088200000| Untracked 
| 131|0x0000000088300000, 0x0000000088300000, 0x0000000088400000|  0%| F|  |TAMS 0x0000000088300000, 0x0000000088300000| Untracked 
| 132|0x0000000088400000, 0x0000000088400000, 0x0000000088500000|  0%| F|  |TAMS 0x0000000088400000, 0x0000000088400000| Untracked 
| 133|0x0000000088500000, 0x0000000088500000, 0x0000000088600000|  0%| F|  |TAMS 0x0000000088500000, 0x0000000088500000| Untracked 
| 134|0x0000000088600000, 0x0000000088600000, 0x0000000088700000|  0%| F|  |TAMS 0x0000000088600000, 0x0000000088600000| Untracked 
| 135|0x0000000088700000, 0x0000000088700000, 0x0000000088800000|  0%| F|  |TAMS 0x0000000088700000, 0x0000000088700000| Untracked 
| 136|0x0000000088800000, 0x0000000088800000, 0x0000000088900000|  0%| F|  |TAMS 0x0000000088800000, 0x0000000088800000| Untracked 
| 137|0x0000000088900000, 0x0000000088900000, 0x0000000088a00000|  0%| F|  |TAMS 0x0000000088900000, 0x0000000088900000| Untracked 
| 138|0x0000000088a00000, 0x0000000088a00000, 0x0000000088b00000|  0%| F|  |TAMS 0x0000000088a00000, 0x0000000088a00000| Untracked 
| 139|0x0000000088b00000, 0x0000000088b00000, 0x0000000088c00000|  0%| F|  |TAMS 0x0000000088b00000, 0x0000000088b00000| Untracked 
| 140|0x0000000088c00000, 0x0000000088c00000, 0x0000000088d00000|  0%| F|  |TAMS 0x0000000088c00000, 0x0000000088c00000| Untracked 
| 141|0x0000000088d00000, 0x0000000088d00000, 0x0000000088e00000|  0%| F|  |TAMS 0x0000000088d00000, 0x0000000088d00000| Untracked 
| 142|0x0000000088e00000, 0x0000000088e00000, 0x0000000088f00000|  0%| F|  |TAMS 0x0000000088e00000, 0x0000000088e00000| Untracked 
| 143|0x0000000088f00000, 0x0000000088f00000, 0x0000000089000000|  0%| F|  |TAMS 0x0000000088f00000, 0x0000000088f00000| Untracked 
| 144|0x0000000089000000, 0x0000000089000000, 0x0000000089100000|  0%| F|  |TAMS 0x0000000089000000, 0x0000000089000000| Untracked 
| 145|0x0000000089100000, 0x0000000089200000, 0x0000000089200000|100%| E|  |TAMS 0x0000000089100000, 0x0000000089100000| Complete 
| 146|0x0000000089200000, 0x0000000089300000, 0x0000000089300000|100%| E|CS|TAMS 0x0000000089200000, 0x0000000089200000| Complete 
| 147|0x0000000089300000, 0x0000000089400000, 0x0000000089400000|100%| E|CS|TAMS 0x0000000089300000, 0x0000000089300000| Complete 
| 148|0x0000000089400000, 0x0000000089500000, 0x0000000089500000|100%| E|CS|TAMS 0x0000000089400000, 0x0000000089400000| Complete 
| 149|0x0000000089500000, 0x0000000089600000, 0x0000000089600000|100%| E|CS|TAMS 0x0000000089500000, 0x0000000089500000| Complete 
| 150|0x0000000089600000, 0x0000000089700000, 0x0000000089700000|100%| E|CS|TAMS 0x0000000089600000, 0x0000000089600000| Complete 
| 151|0x0000000089700000, 0x0000000089800000, 0x0000000089800000|100%| E|CS|TAMS 0x0000000089700000, 0x0000000089700000| Complete 

Card table byte_map: [0x000002f73bcf0000,0x000002f73c0f0000] _byte_map_base: 0x000002f73b8f0000

Marking Bits (Prev, Next): (CMBitMap*) 0x000002f728b11988, (CMBitMap*) 0x000002f728b119c0
 Prev Bits: [0x000002f73c4f0000, 0x000002f73e4f0000)
 Next Bits: [0x000002f73e4f0000, 0x000002f7404f0000)

Polling page: 0x000002f7269e0000

Metaspace:

Usage:
  Non-class:     38.38 MB capacity,    37.77 MB ( 98%) used,   520.60 KB (  1%) free+waste,   103.06 KB ( <1%) overhead. 
      Class:      5.96 MB capacity,     5.56 MB ( 93%) used,   359.78 KB (  6%) free+waste,    49.56 KB ( <1%) overhead. 
       Both:     44.34 MB capacity,    43.33 MB ( 98%) used,   880.38 KB (  2%) free+waste,   152.63 KB ( <1%) overhead. 

Virtual space:
  Non-class space:       40.00 MB reserved,      38.50 MB ( 96%) committed 
      Class space:        1.00 GB reserved,       6.07 MB ( <1%) committed 
             Both:        1.04 GB reserved,      44.57 MB (  4%) committed 

Chunk freelists:
   Non-Class:  0 bytes
       Class:  5.00 KB
        Both:  5.00 KB

MaxMetaspaceSize: 17179869184.00 GB
CompressedClassSpaceSize: 1.00 GB

CodeHeap 'non-profiled nmethods': size=120000Kb used=2072Kb max_used=2072Kb free=117928Kb
 bounds [0x000002f734090000, 0x000002f734300000, 0x000002f73b5c0000]
CodeHeap 'profiled nmethods': size=120000Kb used=7790Kb max_used=7790Kb free=112209Kb
 bounds [0x000002f72cb60000, 0x000002f72d300000, 0x000002f734090000]
CodeHeap 'non-nmethods': size=5760Kb used=2205Kb max_used=2276Kb free=3554Kb
 bounds [0x000002f72c5c0000, 0x000002f72c830000, 0x000002f72cb60000]
 total_blobs=4481 nmethods=3710 adapters=682
 compilation: enabled
              stopped_count=0, restarted_count=0
 full_count=0

Compilation events (20 events):
Event: 4.062 Thread 0x000002f7465b3800 nmethod 3554 0x000002f734285010 code [0x000002f7342856c0, 0x000002f73428d630]
Event: 4.062 Thread 0x000002f7465b3800 3620       4       java.util.Arrays::copyOf (10 bytes)
Event: 4.063 Thread 0x000002f7465b3800 nmethod 3620 0x000002f734291c10 code [0x000002f734291da0, 0x000002f734291f98]
Event: 4.063 Thread 0x000002f7465b3800 3674       4       org.gradle.internal.instantiation.generator.AbstractClassGenerator$ClassGenerationHandler::visitProperty (1 bytes)
Event: 4.063 Thread 0x000002f7465b3800 nmethod 3674 0x000002f734292090 code [0x000002f734292220, 0x000002f734292278]
Event: 4.063 Thread 0x000002f7465b3800 3672       4       java.lang.ReflectiveOperationException::<init> (7 bytes)
Event: 4.064 Thread 0x000002f742f68000 nmethod 3711 0x000002f734292310 code [0x000002f7342924c0, 0x000002f734292ca8]
Event: 4.064 Thread 0x000002f742f68000 3723       4       sun.net.util.URLUtil::urlNoFragString (114 bytes)
Event: 4.076 Thread 0x000002f742f69800 3725       3       jdk.internal.misc.InnocuousThread::eraseThreadLocals (23 bytes)
Event: 4.076 Thread 0x000002f742f69800 nmethod 3725 0x000002f72d2fa110 code [0x000002f72d2fa2c0, 0x000002f72d2fa498]
Event: 4.076 Thread 0x000002f742f69800 3726       3       java.lang.invoke.MethodHandleNatives$CallSiteContext::run (5 bytes)
Event: 4.076 Thread 0x000002f7465b3800 nmethod 3672 0x000002f734293210 code [0x000002f7342933c0, 0x000002f734293b88]
Event: 4.076 Thread 0x000002f742f69800 nmethod 3726 0x000002f72d2fa510 code [0x000002f72d2fa6c0, 0x000002f72d2fa7e8]
Event: 4.076 Thread 0x000002f7465b3800 3724   !   4       java.util.zip.ZipFile$ZipFileInflaterInputStream::close (67 bytes)
Event: 4.087 Thread 0x000002f742f69800 3729       3       java.lang.invoke.VarHandleObjects$FieldInstanceReadWrite::set (30 bytes)
Event: 4.088 Thread 0x000002f742f69800 nmethod 3729 0x000002f72d2fa890 code [0x000002f72d2faac0, 0x000002f72d2fb1c8]
Event: 4.098 Thread 0x000002f742f69800 3730       3       java.nio.ByteBuffer::order (48 bytes)
Event: 4.098 Thread 0x000002f742f69800 nmethod 3730 0x000002f72d2fb490 code [0x000002f72d2fb640, 0x000002f72d2fb878]
Event: 4.099 Thread 0x000002f7465b3800 nmethod 3724 0x000002f734293d10 code [0x000002f734293f60, 0x000002f734295590]
Event: 4.099 Thread 0x000002f7465b3800 3728       4       jdk.internal.loader.URLClassPath$JarLoader$2::getInputStream (15 bytes)

GC Heap History (16 events):
Event: 0.615 GC heap before
{Heap before GC invocations=0 (full 0):
 garbage-first heap   total 129024K, used 29696K [0x0000000080000000, 0x0000000100000000)
  region size 1024K, 24 young (24576K), 0 survivors (0K)
 Metaspace       used 9795K, capacity 9986K, committed 10112K, reserved 1058816K
  class space    used 1022K, capacity 1102K, committed 1152K, reserved 1048576K
}
Event: 0.620 GC heap after
{Heap after GC invocations=1 (full 0):
 garbage-first heap   total 129024K, used 9002K [0x0000000080000000, 0x0000000100000000)
  region size 1024K, 3 young (3072K), 3 survivors (3072K)
 Metaspace       used 9795K, capacity 9986K, committed 10112K, reserved 1058816K
  class space    used 1022K, capacity 1102K, committed 1152K, reserved 1048576K
}
Event: 1.843 GC heap before
{Heap before GC invocations=1 (full 0):
 garbage-first heap   total 129024K, used 82730K [0x0000000080000000, 0x0000000100000000)
  region size 1024K, 75 young (76800K), 3 survivors (3072K)
 Metaspace       used 17714K, capacity 18150K, committed 18432K, reserved 1064960K
  class space    used 2091K, capacity 2236K, committed 2304K, reserved 1048576K
}
Event: 1.848 GC heap after
{Heap after GC invocations=2 (full 0):
 garbage-first heap   total 129024K, used 16119K [0x0000000080000000, 0x0000000100000000)
  region size 1024K, 10 young (10240K), 10 survivors (10240K)
 Metaspace       used 17714K, capacity 18150K, committed 18432K, reserved 1064960K
  class space    used 2091K, capacity 2236K, committed 2304K, reserved 1048576K
}
Event: 2.024 GC heap before
{Heap before GC invocations=2 (full 0):
 garbage-first heap   total 129024K, used 38647K [0x0000000080000000, 0x0000000100000000)
  region size 1024K, 33 young (33792K), 10 survivors (10240K)
 Metaspace       used 20620K, capacity 21118K, committed 21248K, reserved 1067008K
  class space    used 2518K, capacity 2720K, committed 2816K, reserved 1048576K
}
Event: 2.030 GC heap after
{Heap after GC invocations=3 (full 0):
 garbage-first heap   total 129024K, used 17182K [0x0000000080000000, 0x0000000100000000)
  region size 1024K, 1 young (1024K), 1 survivors (1024K)
 Metaspace       used 20620K, capacity 21118K, committed 21248K, reserved 1067008K
  class space    used 2518K, capacity 2720K, committed 2816K, reserved 1048576K
}
Event: 2.427 GC heap before
{Heap before GC invocations=4 (full 0):
 garbage-first heap   total 129024K, used 67358K [0x0000000080000000, 0x0000000100000000)
  region size 1024K, 50 young (51200K), 1 survivors (1024K)
 Metaspace       used 25734K, capacity 26354K, committed 26496K, reserved 1073152K
  class space    used 3365K, capacity 3598K, committed 3712K, reserved 1048576K
}
Event: 2.430 GC heap after
{Heap after GC invocations=5 (full 0):
 garbage-first heap   total 129024K, used 18717K [0x0000000080000000, 0x0000000100000000)
  region size 1024K, 3 young (3072K), 3 survivors (3072K)
 Metaspace       used 25734K, capacity 26354K, committed 26496K, reserved 1073152K
  class space    used 3365K, capacity 3598K, committed 3712K, reserved 1048576K
}
Event: 2.999 GC heap before
{Heap before GC invocations=5 (full 0):
 garbage-first heap   total 129024K, used 74013K [0x0000000080000000, 0x0000000100000000)
  region size 1024K, 57 young (58368K), 3 survivors (3072K)
 Metaspace       used 33931K, capacity 34735K, committed 34944K, reserved 1079296K
  class space    used 4415K, capacity 4712K, committed 4736K, reserved 1048576K
}
Event: 3.004 GC heap after
{Heap after GC invocations=6 (full 0):
 garbage-first heap   total 129024K, used 21919K [0x0000000080000000, 0x0000000100000000)
  region size 1024K, 6 young (6144K), 6 survivors (6144K)
 Metaspace       used 33931K, capacity 34735K, committed 34944K, reserved 1079296K
  class space    used 4415K, capacity 4712K, committed 4736K, reserved 1048576K
}
Event: 3.070 GC heap before
{Heap before GC invocations=6 (full 0):
 garbage-first heap   total 129024K, used 26015K [0x0000000080000000, 0x0000000100000000)
  region size 1024K, 12 young (12288K), 6 survivors (6144K)
 Metaspace       used 35035K, capacity 35830K, committed 35840K, reserved 1081344K
  class space    used 4544K, capacity 4864K, committed 4864K, reserved 1048576K
}
Event: 3.077 GC heap after
{Heap after GC invocations=7 (full 0):
 garbage-first heap   total 129024K, used 22456K [0x0000000080000000, 0x0000000100000000)
  region size 1024K, 4 young (4096K), 4 survivors (4096K)
 Metaspace       used 35035K, capacity 35830K, committed 35840K, reserved 1081344K
  class space    used 4544K, capacity 4864K, committed 4864K, reserved 1048576K
}
Event: 3.545 GC heap before
{Heap before GC invocations=8 (full 0):
 garbage-first heap   total 129024K, used 78776K [0x0000000080000000, 0x0000000100000000)
  region size 1024K, 57 young (58368K), 4 survivors (4096K)
 Metaspace       used 38778K, capacity 39698K, committed 40012K, reserved 1083392K
  class space    used 4958K, capacity 5316K, committed 5452K, reserved 1048576K
}
Event: 3.552 GC heap after
{Heap after GC invocations=9 (full 0):
 garbage-first heap   total 129024K, used 27250K [0x0000000080000000, 0x0000000100000000)
  region size 1024K, 8 young (8192K), 8 survivors (8192K)
 Metaspace       used 38778K, capacity 39698K, committed 40012K, reserved 1083392K
  class space    used 4958K, capacity 5316K, committed 5452K, reserved 1048576K
}
Event: 4.068 GC heap before
{Heap before GC invocations=9 (full 0):
 garbage-first heap   total 129024K, used 81522K [0x0000000080000000, 0x0000000100000000)
  region size 1024K, 61 young (62464K), 8 survivors (8192K)
 Metaspace       used 43882K, capacity 44905K, committed 45004K, reserved 1087488K
  class space    used 5633K, capacity 6003K, committed 6092K, reserved 1048576K
}
Event: 4.076 GC heap after
{Heap after GC invocations=10 (full 0):
 garbage-first heap   total 155648K, used 29159K [0x0000000080000000, 0x0000000100000000)
  region size 1024K, 7 young (7168K), 7 survivors (7168K)
 Metaspace       used 43882K, capacity 44905K, committed 45004K, reserved 1087488K
  class space    used 5633K, capacity 6003K, committed 6092K, reserved 1048576K
}

Deoptimization events (20 events):
Event: 3.775 Thread 0x000002f745de5800 Uncommon trap: trap_request=0xffffff4d fr.pc=0x000002f7341d2dc8 relative=0x0000000000000288
Event: 3.775 Thread 0x000002f745de5800 Uncommon trap: reason=unstable_if action=reinterpret pc=0x000002f7341d2dc8 method=java.util.HashMap.getNode(ILjava/lang/Object;)Ljava/util/HashMap$Node; @ 53 c2
Event: 3.775 Thread 0x000002f745de5800 DEOPT PACKING pc=0x000002f7341d2dc8 sp=0x000000fbeb4f9270
Event: 3.775 Thread 0x000002f745de5800 DEOPT UNPACKING pc=0x000002f72c5e78af sp=0x000000fbeb4f9190 mode 2
Event: 3.775 Thread 0x000002f745de5800 Uncommon trap: trap_request=0xffffff4d fr.pc=0x000002f7341e1110 relative=0x0000000000000710
Event: 3.775 Thread 0x000002f745de5800 Uncommon trap: reason=unstable_if action=reinterpret pc=0x000002f7341e1110 method=java.util.HashMap.putVal(ILjava/lang/Object;Ljava/lang/Object;ZZ)Ljava/lang/Object; @ 85 c2
Event: 3.775 Thread 0x000002f745de5800 DEOPT PACKING pc=0x000002f7341e1110 sp=0x000000fbeb4f9230
Event: 3.775 Thread 0x000002f745de5800 DEOPT UNPACKING pc=0x000002f72c5e78af sp=0x000000fbeb4f9160 mode 2
Event: 3.778 Thread 0x000002f745de5800 Uncommon trap: trap_request=0xffffff4d fr.pc=0x000002f7341ce568 relative=0x0000000000000308
Event: 3.778 Thread 0x000002f745de5800 Uncommon trap: reason=unstable_if action=reinterpret pc=0x000002f7341ce568 method=org.gradle.internal.reflect.PropertyAccessorType.isGetGetterName(Ljava/lang/String;)Z @ 14 c2
Event: 3.778 Thread 0x000002f745de5800 DEOPT PACKING pc=0x000002f7341ce568 sp=0x000000fbeb4f9b30
Event: 3.778 Thread 0x000002f745de5800 DEOPT UNPACKING pc=0x000002f72c5e78af sp=0x000000fbeb4f9a88 mode 2
Event: 3.795 Thread 0x000002f745de5800 Uncommon trap: trap_request=0xffffff4d fr.pc=0x000002f7341ced88 relative=0x00000000000000e8
Event: 3.795 Thread 0x000002f745de5800 Uncommon trap: reason=unstable_if action=reinterpret pc=0x000002f7341ced88 method=org.objectweb.asm.ByteVector.putShort(I)Lorg/objectweb/asm/ByteVector; @ 13 c2
Event: 3.795 Thread 0x000002f745de5800 DEOPT PACKING pc=0x000002f7341ced88 sp=0x000000fbeb4f96f0
Event: 3.795 Thread 0x000002f745de5800 DEOPT UNPACKING pc=0x000002f72c5e78af sp=0x000000fbeb4f9688 mode 2
Event: 4.000 Thread 0x000002f745de5800 Uncommon trap: trap_request=0xffffff4d fr.pc=0x000002f734108300 relative=0x00000000000001c0
Event: 4.000 Thread 0x000002f745de5800 Uncommon trap: reason=unstable_if action=reinterpret pc=0x000002f734108300 method=java.net.URI$Parser.scan(IILjava/lang/String;)I @ 26 c2
Event: 4.000 Thread 0x000002f745de5800 DEOPT PACKING pc=0x000002f734108300 sp=0x000000fbeb4f9030
Event: 4.000 Thread 0x000002f745de5800 DEOPT UNPACKING pc=0x000002f72c5e78af sp=0x000000fbeb4f8fc0 mode 2

Classes redefined (0 events):
No events

Internal exceptions (20 events):
Event: 3.591 Thread 0x000002f745de5800 Exception <a 'java/lang/ClassNotFoundException'{0x0000000087aa52c8}: org/gradle/initialization/DefaultProjectDescriptorBeanInfo> (0x0000000087aa52c8) thrown at [./src/hotspot/share/classfile/systemDictionary.cpp, line 231]
Event: 3.592 Thread 0x000002f745de5800 Exception <a 'java/lang/ClassNotFoundException'{0x0000000087aca400}: org/gradle/initialization/DefaultProjectDescriptorCustomizer> (0x0000000087aca400) thrown at [./src/hotspot/share/classfile/systemDictionary.cpp, line 231]
Event: 3.594 Thread 0x000002f745de5800 Implicit null exception at 0x000002f7341e18ef to 0x000002f7341e1998
Event: 3.690 Thread 0x000002f745c00000 Exception <a 'java/lang/NoSuchMethodError'{0x0000000086f00b60}: <clinit>> (0x0000000086f00b60) thrown at [./src/hotspot/share/prims/jni.cpp, line 1362]
Event: 3.690 Thread 0x000002f745c00000 Exception <a 'java/lang/NoSuchMethodError'{0x0000000086f02150}: <clinit>> (0x0000000086f02150) thrown at [./src/hotspot/share/prims/jni.cpp, line 1362]
Event: 3.692 Thread 0x000002f745c00000 Exception <a 'java/lang/NoSuchMethodError'{0x0000000086f10ea0}: <clinit>> (0x0000000086f10ea0) thrown at [./src/hotspot/share/prims/jni.cpp, line 1362]
Event: 3.692 Thread 0x000002f745c00000 Exception <a 'java/lang/NoSuchMethodError'{0x0000000086f12cf0}: <clinit>> (0x0000000086f12cf0) thrown at [./src/hotspot/share/prims/jni.cpp, line 1362]
Event: 3.693 Thread 0x000002f745c00000 Exception <a 'java/lang/NoSuchMethodError'{0x0000000086f22128}: <clinit>> (0x0000000086f22128) thrown at [./src/hotspot/share/prims/jni.cpp, line 1362]
Event: 3.883 Thread 0x000002f745de5800 Exception <a 'java/lang/ClassNotFoundException'{0x0000000085de9150}: build_6tmn14mn3aeuc77fo2kknt9jqBeanInfo> (0x0000000085de9150) thrown at [./src/hotspot/share/classfile/systemDictionary.cpp, line 231]
Event: 3.883 Thread 0x000002f745de5800 Exception <a 'java/lang/ClassNotFoundException'{0x0000000085dfef98}: org/gradle/api/internal/project/ProjectScriptBeanInfo> (0x0000000085dfef98) thrown at [./src/hotspot/share/classfile/systemDictionary.cpp, line 231]
Event: 3.884 Thread 0x000002f745de5800 Exception <a 'java/lang/ClassNotFoundException'{0x0000000085c15498}: org/gradle/api/internal/project/ProjectScriptCustomizer> (0x0000000085c15498) thrown at [./src/hotspot/share/classfile/systemDictionary.cpp, line 231]
Event: 3.885 Thread 0x000002f745de5800 Exception <a 'java/lang/ClassNotFoundException'{0x0000000085c30688}: build_6tmn14mn3aeuc77fo2kknt9jqCustomizer> (0x0000000085c30688) thrown at [./src/hotspot/share/classfile/systemDictionary.cpp, line 231]
Event: 3.891 Thread 0x000002f745de5800 Exception <a 'java/lang/ClassNotFoundException'{0x0000000085cc1d40}: org/gradle/api/internal/initialization/DefaultScriptHandlerBeanInfo> (0x0000000085cc1d40) thrown at [./src/hotspot/share/classfile/systemDictionary.cpp, line 231]
Event: 3.892 Thread 0x000002f745de5800 Exception <a 'java/lang/ClassNotFoundException'{0x0000000085ceacf8}: org/gradle/api/internal/initialization/DefaultScriptHandlerCustomizer> (0x0000000085ceacf8) thrown at [./src/hotspot/share/classfile/systemDictionary.cpp, line 231]
Event: 3.970 Thread 0x000002f745de5800 Exception <a 'java/lang/ClassNotFoundException'{0x00000000854a6708}: org/gradle/api/internal/artifacts/dsl/dependencies/DefaultDependencyHandler_DecoratedBeanInfo> (0x00000000854a6708) thrown at [./src/hotspot/share/classfile/systemDictionary.cpp, line 231]
Event: 3.971 Thread 0x000002f745de5800 Exception <a 'java/lang/ClassNotFoundException'{0x00000000854e4868}: org/gradle/api/internal/artifacts/dsl/dependencies/DefaultDependencyHandlerBeanInfo> (0x00000000854e4868) thrown at [./src/hotspot/share/classfile/systemDictionary.cpp, line 231]
Event: 3.972 Thread 0x000002f745de5800 Exception <a 'java/lang/ClassNotFoundException'{0x0000000085323258}: org/gradle/api/internal/artifacts/dsl/dependencies/DefaultDependencyHandlerCustomizer> (0x0000000085323258) thrown at [./src/hotspot/share/classfile/systemDictionary.cpp, line 231]
Event: 3.975 Thread 0x000002f745de5800 Exception <a 'java/lang/ClassNotFoundException'{0x000000008538a868}: org/gradle/api/internal/artifacts/dsl/dependencies/DefaultDependencyHandler_DecoratedCustomizer> (0x000000008538a868) thrown at [./src/hotspot/share/classfile/systemDictionary.cpp, line 231]
Event: 3.990 Thread 0x000002f745de5800 Exception <a 'java/lang/NoSuchMethodError'{0x0000000085295668}: 'java.lang.Object java.lang.invoke.DirectMethodHandle$Holder.invokeStatic(java.lang.Object, java.lang.Object, int, java.lang.Object)'> (0x0000000085295668) thrown at [./src/hotspot/share/interpreter/linkResolver.cpp, line 773]
Event: 3.991 Thread 0x000002f745de5800 Exception <a 'java/lang/NoSuchMethodError'{0x000000008529c900}: 'java.lang.Object java.lang.invoke.Invokers$Holder.linkToTargetMethod(java.lang.Object, int, java.lang.Object, java.lang.Object)'> (0x000000008529c900) thrown at [./src/hotspot/share/interpreter/linkResolver.cpp, line 773]

Events (20 events):
Event: 4.095 loading class org/gradle/api/internal/artifacts/ivyservice/ivyresolve/CachingModuleComponentRepository
Event: 4.095 loading class org/gradle/api/internal/artifacts/ivyservice/ivyresolve/CachingModuleComponentRepository done
Event: 4.096 loading class org/gradle/api/internal/artifacts/ivyservice/ivyresolve/CachingModuleComponentRepository$LocateInCacheRepositoryAccess
Event: 4.096 loading class org/gradle/api/internal/artifacts/ivyservice/ivyresolve/CachingModuleComponentRepository$LocateInCacheRepositoryAccess done
Event: 4.096 loading class org/gradle/internal/resolve/result/BuildableArtifactSetResolveResult
Event: 4.096 loading class org/gradle/internal/resolve/result/BuildableArtifactSetResolveResult done
Event: 4.097 loading class org/gradle/api/internal/artifacts/ivyservice/ivyresolve/CachingModuleComponentRepository$ResolveAndCacheRepositoryAccess
Event: 4.097 loading class org/gradle/api/internal/artifacts/ivyservice/ivyresolve/CachingModuleComponentRepository$ResolveAndCacheRepositoryAccess done
Event: 4.098 loading class org/gradle/api/internal/artifacts/ivyservice/modulecache/ResolvedArtifactCaches$ResolvedArtifactCacheProvidingModuleComponentRepository
Event: 4.098 loading class org/gradle/api/internal/artifacts/ivyservice/modulecache/ResolvedArtifactCaches$ResolvedArtifactCacheProvidingModuleComponentRepository done
Event: 4.098 loading class org/gradle/api/internal/artifacts/ivyservice/ivyresolve/BaseModuleComponentRepository
Event: 4.098 loading class org/gradle/api/internal/artifacts/ivyservice/ivyresolve/BaseModuleComponentRepository done
Event: 4.099 loading class org/gradle/api/internal/artifacts/ivyservice/ivyresolve/ErrorHandlingModuleComponentRepository
Event: 4.099 loading class org/gradle/api/internal/artifacts/ivyservice/ivyresolve/ErrorHandlingModuleComponentRepository done
Event: 4.099 loading class org/gradle/api/internal/artifacts/ivyservice/ivyresolve/ErrorHandlingModuleComponentRepository$ErrorHandlingModuleComponentRepositoryAccess
Event: 4.099 loading class org/gradle/api/internal/artifacts/ivyservice/ivyresolve/ErrorHandlingModuleComponentRepository$ErrorHandlingModuleComponentRepositoryAccess done
Event: 4.100 loading class org/gradle/api/internal/artifacts/ivyservice/ivyresolve/RepositoryDisabler$NoOpBlacklister
Event: 4.100 loading class org/gradle/api/internal/artifacts/ivyservice/ivyresolve/RepositoryDisabler$NoOpBlacklister done
Event: 4.101 loading class org/gradle/api/internal/artifacts/repositories/DefaultMavenRepositoryContentDescriptor
Event: 4.101 loading class org/gradle/api/internal/artifacts/repositories/DefaultMavenRepositoryContentDescriptor done


Dynamic libraries:
0x00007ff681670000 - 0x00007ff68167a000 	C:\Program Files\Android\Android Studio\jre\bin\java.exe
0x00007ffa64530000 - 0x00007ffa64725000 	C:\WINDOWS\SYSTEM32\ntdll.dll
0x00007ffa633d0000 - 0x00007ffa6348e000 	C:\WINDOWS\System32\KERNEL32.DLL
0x00007ffa61fe0000 - 0x00007ffa622a8000 	C:\WINDOWS\System32\KERNELBASE.dll
0x00007ffa62490000 - 0x00007ffa62590000 	C:\WINDOWS\System32\ucrtbase.dll
0x00007ffa59640000 - 0x00007ffa59659000 	C:\Program Files\Android\Android Studio\jre\bin\jli.dll
0x00007ffa35160000 - 0x00007ffa35177000 	C:\Program Files\Android\Android Studio\jre\bin\VCRUNTIME140.dll
0x00007ffa640a0000 - 0x00007ffa64240000 	C:\WINDOWS\System32\USER32.dll
0x00007ffa61e70000 - 0x00007ffa61e92000 	C:\WINDOWS\System32\win32u.dll
0x00007ffa46a60000 - 0x00007ffa46cfa000 	C:\WINDOWS\WinSxS\amd64_microsoft.windows.common-controls_6595b64144ccf1df_6.0.19041.1110_none_60b5254171f9507e\COMCTL32.dll
0x00007ffa62a00000 - 0x00007ffa62a2b000 	C:\WINDOWS\System32\GDI32.dll
0x00007ffa63320000 - 0x00007ffa633be000 	C:\WINDOWS\System32\msvcrt.dll
0x00007ffa61d60000 - 0x00007ffa61e6b000 	C:\WINDOWS\System32\gdi32full.dll
0x00007ffa61c50000 - 0x00007ffa61ced000 	C:\WINDOWS\System32\msvcp_win.dll
0x00007ffa64450000 - 0x00007ffa64480000 	C:\WINDOWS\System32\IMM32.DLL
0x00007ffa21b10000 - 0x00007ffa21bad000 	C:\Program Files\Android\Android Studio\jre\bin\msvcp140.dll
0x00007ffa00d00000 - 0x00007ffa017cf000 	C:\Program Files\Android\Android Studio\jre\bin\server\jvm.dll
0x00007ffa64240000 - 0x00007ffa642ee000 	C:\WINDOWS\System32\ADVAPI32.dll
0x00007ffa63f30000 - 0x00007ffa63fcc000 	C:\WINDOWS\System32\sechost.dll
0x00007ffa64320000 - 0x00007ffa64445000 	C:\WINDOWS\System32\RPCRT4.dll
0x00007ffa64310000 - 0x00007ffa64318000 	C:\WINDOWS\System32\PSAPI.DLL
0x00007ffa4c620000 - 0x00007ffa4c647000 	C:\WINDOWS\SYSTEM32\WINMM.dll
0x00007ffa42090000 - 0x00007ffa42099000 	C:\WINDOWS\SYSTEM32\WSOCK32.dll
0x00007ffa577e0000 - 0x00007ffa577ea000 	C:\WINDOWS\SYSTEM32\VERSION.dll
0x00007ffa64480000 - 0x00007ffa644eb000 	C:\WINDOWS\System32\WS2_32.dll
0x00007ffa5fb40000 - 0x00007ffa5fb52000 	C:\WINDOWS\SYSTEM32\kernel.appcore.dll
0x00007ffa59590000 - 0x00007ffa595a1000 	C:\Program Files\Android\Android Studio\jre\bin\verify.dll
0x00007ffa5c3b0000 - 0x00007ffa5c594000 	C:\WINDOWS\SYSTEM32\DBGHELP.DLL
0x00007ffa4e300000 - 0x00007ffa4e32c000 	C:\WINDOWS\SYSTEM32\dbgcore.DLL
0x00007ffa61f50000 - 0x00007ffa61fd2000 	C:\WINDOWS\System32\bcryptPrimitives.dll
0x00007ffa41480000 - 0x00007ffa414a9000 	C:\Program Files\Android\Android Studio\jre\bin\java.dll
0x00007ffa57c20000 - 0x00007ffa57c2b000 	C:\Program Files\Android\Android Studio\jre\bin\jimage.dll
0x00007ffa4f170000 - 0x00007ffa4f188000 	C:\Program Files\Android\Android Studio\jre\bin\zip.dll
0x00007ffa636b0000 - 0x00007ffa63df4000 	C:\WINDOWS\System32\SHELL32.dll
0x00007ffa5fd60000 - 0x00007ffa604f4000 	C:\WINDOWS\SYSTEM32\windows.storage.dll
0x00007ffa62a30000 - 0x00007ffa62d84000 	C:\WINDOWS\System32\combase.dll
0x00007ffa616b0000 - 0x00007ffa616dc000 	C:\WINDOWS\SYSTEM32\Wldp.dll
0x00007ffa63260000 - 0x00007ffa6330d000 	C:\WINDOWS\System32\SHCORE.dll
0x00007ffa63650000 - 0x00007ffa636a5000 	C:\WINDOWS\System32\shlwapi.dll
0x00007ffa61b90000 - 0x00007ffa61baf000 	C:\WINDOWS\SYSTEM32\profapi.dll
0x00007ffa4f0c0000 - 0x00007ffa4f0da000 	C:\Program Files\Android\Android Studio\jre\bin\net.dll
0x00007ffa59fa0000 - 0x00007ffa5a0a9000 	C:\WINDOWS\SYSTEM32\WINHTTP.dll
0x00007ffa61410000 - 0x00007ffa6147a000 	C:\WINDOWS\system32\mswsock.dll
0x00007ffa41070000 - 0x00007ffa41084000 	C:\Program Files\Android\Android Studio\jre\bin\nio.dll
0x00007ffa238a0000 - 0x00007ffa238c7000 	C:\Users\2001r\.gradle\native\8bec1ad78214c89d9ad589b4d07fe93259594b29d510b10fafb7a158f7737e5d\windows-amd64\native-platform.dll
0x00007ffa02d90000 - 0x00007ffa02ecd000 	C:\Users\2001r\.gradle\native\53dbd7edfb1c66fb8903c78663c9afc45aea4f116125fa6feffd364cf09443e8\windows-amd64\native-platform-file-events.dll
0x00007ffa4f090000 - 0x00007ffa4f09a000 	C:\Program Files\Android\Android Studio\jre\bin\management.dll
0x00007ffa4eef0000 - 0x00007ffa4eefc000 	C:\Program Files\Android\Android Studio\jre\bin\management_ext.dll
0x00007ffa61610000 - 0x00007ffa61628000 	C:\WINDOWS\SYSTEM32\CRYPTSP.dll
0x00007ffa60d20000 - 0x00007ffa60d54000 	C:\WINDOWS\system32\rsaenh.dll
0x00007ffa622b0000 - 0x00007ffa622d7000 	C:\WINDOWS\System32\bcrypt.dll
0x00007ffa61b50000 - 0x00007ffa61b7e000 	C:\WINDOWS\SYSTEM32\USERENV.dll
0x00007ffa61600000 - 0x00007ffa6160c000 	C:\WINDOWS\SYSTEM32\CRYPTBASE.dll
0x00007ffa610b0000 - 0x00007ffa610eb000 	C:\WINDOWS\SYSTEM32\IPHLPAPI.DLL
0x00007ffa63310000 - 0x00007ffa63318000 	C:\WINDOWS\System32\NSI.dll
0x00007ffa57ed0000 - 0x00007ffa57ee7000 	C:\WINDOWS\SYSTEM32\dhcpcsvc6.DLL
0x00007ffa57e60000 - 0x00007ffa57e7d000 	C:\WINDOWS\SYSTEM32\dhcpcsvc.DLL
0x00007ffa61100000 - 0x00007ffa611ca000 	C:\WINDOWS\SYSTEM32\DNSAPI.dll

dbghelp: loaded successfully - version: 4.0.5 - missing functions: none
symbol engine: initialized successfully - sym options: 0x614 - pdb path: .;C:\Program Files\Android\Android Studio\jre\bin;C:\WINDOWS\SYSTEM32;C:\WINDOWS\WinSxS\amd64_microsoft.windows.common-controls_6595b64144ccf1df_6.0.19041.1110_none_60b5254171f9507e;C:\Program Files\Android\Android Studio\jre\bin\server;C:\Users\2001r\.gradle\native\8bec1ad78214c89d9ad589b4d07fe93259594b29d510b10fafb7a158f7737e5d\windows-amd64;C:\Users\2001r\.gradle\native\53dbd7edfb1c66fb8903c78663c9afc45aea4f116125fa6feffd364cf09443e8\windows-amd64

VM Arguments:
jvm_args: --add-opens=java.base/java.util=ALL-UNNAMED --add-opens=java.base/java.lang=ALL-UNNAMED --add-opens=java.base/java.lang.invoke=ALL-UNNAMED --add-opens=java.base/java.util=ALL-UNNAMED --add-opens=java.prefs/java.util.prefs=ALL-UNNAMED --add-opens=java.prefs/java.util.prefs=ALL-UNNAMED --add-opens=java.base/java.nio.charset=ALL-UNNAMED --add-opens=java.base/java.net=ALL-UNNAMED --add-opens=java.base/java.util.concurrent.atomic=ALL-UNNAMED -Xmx2048m -Dfile.encoding=UTF-8 -Duser.country=US -Duser.language=en -Duser.variant 
java_command: org.gradle.launcher.daemon.bootstrap.GradleDaemon 7.0.2
java_class_path (initial): C:\Users\2001r\.gradle\wrapper\dists\gradle-7.0.2-bin\857tjihv64xamwrf0h14cai3r\gradle-7.0.2\lib\gradle-launcher-7.0.2.jar
Launcher Type: SUN_STANDARD

[Global flags]
     intx CICompilerCount                          = 4                                         {product} {ergonomic}
     uint ConcGCThreads                            = 2                                         {product} {ergonomic}
     uint G1ConcRefinementThreads                  = 8                                         {product} {ergonomic}
   size_t G1HeapRegionSize                         = 1048576                                   {product} {ergonomic}
    uintx GCDrainStackTargetSize                   = 64                                        {product} {ergonomic}
   size_t InitialHeapSize                          = 132120576                                 {product} {ergonomic}
   size_t MarkStackSize                            = 4194304                                   {product} {ergonomic}
   size_t MaxHeapSize                              = 2147483648                                {product} {command line}
   size_t MaxNewSize                               = 1287651328                                {product} {ergonomic}
   size_t MinHeapDeltaBytes                        = 1048576                                   {product} {ergonomic}
    uintx NonNMethodCodeHeapSize                   = 5836300                                {pd product} {ergonomic}
    uintx NonProfiledCodeHeapSize                  = 122910970                              {pd product} {ergonomic}
    uintx ProfiledCodeHeapSize                     = 122910970                              {pd product} {ergonomic}
    uintx ReservedCodeCacheSize                    = 251658240                              {pd product} {ergonomic}
     bool SegmentedCodeCache                       = true                                      {product} {ergonomic}
     bool UseCompressedClassPointers               = true                                 {lp64_product} {ergonomic}
     bool UseCompressedOops                        = true                                 {lp64_product} {ergonomic}
     bool UseG1GC                                  = true                                      {product} {ergonomic}
     bool UseLargePagesIndividualAllocation        = false                                  {pd product} {ergonomic}

Logging:
Log output configuration:
 #0: stdout all=warning uptime,level,tags
 #1: stderr all=off uptime,level,tags

Environment Variables:
PATH=C:\Program Files (x86)\Common Files\Intel\Shared Libraries\redist\intel64\compiler;C:\Program Files (x86)\Intel\Intel(R) Management Engine Components\iCLS\;C:\Program Files\Intel\Intel(R) Management Engine Components\iCLS\;C:\Windows\system32;C:\Windows;C:\Windows\System32\Wbem;C:\Windows\System32\WindowsPowerShell\v1.0\;C:\Windows\System32\OpenSSH\;C:\Program Files (x86)\NVIDIA Corporation\PhysX\Common;C:\Program Files (x86)\Intel\Intel(R) Management Engine Components\DAL;C:\Program Files\Intel\Intel(R) Management Engine Components\DAL;C:\WINDOWS\system32;C:\WINDOWS;C:\WINDOWS\System32\Wbem;C:\WINDOWS\System32\WindowsPowerShell\v1.0\;C:\WINDOWS\System32\OpenSSH\;C:\Program Files\Intel\WiFi\bin\;C:\Program Files\Common Files\Intel\WirelessCommon\;C:\Program Files\Microsoft SQL Server\Client SDK\ODBC\110\Tools\Binn\;C:\Program Files (x86)\Microsoft SQL Server\120\Tools\Binn\;C:\Program Files\Microsoft SQL Server\120\Tools\Binn\;C:\Program Files\Microsoft SQL Server\120\DTS\Binn\;C:\Program Files (x86)\Windows Kits\8.1\Windows Performance Toolkit\;C:\Program Files (x86)\IVI Foundation\VISA\WinNT\Bin\;C:\Program Files\IVI Foundation\VISA\Win64\Bin\;C:\Program Files (x86)\National Instruments\Shared\LabVIEW CLI;C:\Program Files (x86)\IVI Foundation\VISA\WinNT\Bin;C:\Program Files\NVIDIA Corporation\NVIDIA NvDLISR;C:\Program Files\Microchip\xc8\v2.32\bin;C:\Program Files\MATLAB\R2021b\bin;C:\Program Files\Git\cmd;C:\Users\2001r\AppData\Local\Microsoft\WindowsApps;
USERNAME=Rebecca
OS=Windows_NT
PROCESSOR_IDENTIFIER=Intel64 Family 6 Model 142 Stepping 11, GenuineIntel



---------------  S Y S T E M  ---------------

OS: Windows 10 , 64 bit Build 19041 (10.0.19041.1566)
OS uptime: 2 days 1:59 hours

CPU:total 8 (initial active 8) (4 cores per cpu, 2 threads per core) family 6 model 142 stepping 11 microcode 0xb8, cmov, cx8, fxsr, mmx, sse, sse2, sse3, ssse3, sse4.1, sse4.2, popcnt, avx, avx2, aes, clmul, erms, 3dnowpref, lzcnt, ht, tsc, tscinvbit, bmi1, bmi2, adx, fma

Memory: 4k page, system-wide physical 8005M (1351M free)
TotalPageFile size 18005M (AvailPageFile size 4M)
current process WorkingSet (physical memory assigned to process): 306M, peak: 306M
current process commit charge ("private bytes"): 380M, peak: 380M

vm_info: OpenJDK 64-Bit Server VM (11.0.10+0-b96-7249189) for windows-amd64 JRE (11.0.10+0-b96-7249189), built on Mar 31 2021 21:44:00 by "builder" with MS VC++ 14.0 (VS2015)

END.
