#
# There is insufficient memory for the Java Runtime Environment to continue.
# Native memory allocation (mmap) failed to map 132120576 bytes for Failed to commit area from 0x0000000082e00000 to 0x000000008ac00000 of length 132120576.
# Possible reasons:
#   The system is out of physical RAM or swap space
#   The process is running with CompressedOops enabled, and the Java Heap may be blocking the growth of the native heap
# Possible solutions:
#   Reduce memory load on the system
#   Increase physical memory or swap space
#   Check if swap backing store is full
#   Decrease Java heap size (-Xmx/-Xms)
#   Decrease number of Java threads
#   Decrease Java thread stack sizes (-Xss)
#   Set larger code cache with -XX:ReservedCodeCacheSize=
# This output file may be truncated or incomplete.
#
#  Out of Memory Error (./src/hotspot/os/windows/os_windows.cpp:3301), pid=22188, tid=19436
#
# JRE version:  (11.0.10) (build )
# Java VM: OpenJDK 64-Bit Server VM (11.0.10+0-b96-7249189, mixed mode, sharing, tiered, compressed oops, g1 gc, windows-amd64)
# No core dump will be written. Minidumps are not enabled by default on client versions of Windows
#

---------------  S U M M A R Y ------------

Command Line: org.jetbrains.git4idea.http.GitAskPassApp Username for 'https://gitlab.groept.be': 

Host: Intel(R) Core(TM) i5-8265U CPU @ 1.60GHz, 8 cores, 7G,  Windows 10 , 64 bit Build 19041 (10.0.19041.1566)
Time: Thu Mar 17 12:50:24 2022 Romance Standard Time elapsed time: 0.008857 seconds (0d 0h 0m 0s)

---------------  T H R E A D  ---------------

Current thread (0x000001e661844800):  JavaThread "Unknown thread" [_thread_in_vm, id=19436, stack(0x000000251a100000,0x000000251a200000)]

Stack: [0x000000251a100000,0x000000251a200000]
Native frames: (J=compiled Java code, j=interpreted, Vv=VM code, C=native code)
V  [jvm.dll+0x5ecfaa]
V  [jvm.dll+0x722bd5]
V  [jvm.dll+0x72412d]
V  [jvm.dll+0x7247e3]
V  [jvm.dll+0x242928]
V  [jvm.dll+0x5ea374]
V  [jvm.dll+0x5df425]
V  [jvm.dll+0x2fdebb]
V  [jvm.dll+0x2fde2a]
V  [jvm.dll+0x2fdd02]
V  [jvm.dll+0x302bf6]
V  [jvm.dll+0x34b2a3]
V  [jvm.dll+0x34b9a6]
V  [jvm.dll+0x34b3a3]
V  [jvm.dll+0x2d8888]
V  [jvm.dll+0x2d9a37]
V  [jvm.dll+0x701737]
V  [jvm.dll+0x702f2c]
V  [jvm.dll+0x3587d9]
V  [jvm.dll+0x6e4fae]
V  [jvm.dll+0x3c0be3]
V  [jvm.dll+0x3c2e91]
C  [jli.dll+0x5373]
C  [ucrtbase.dll+0x21bb2]
C  [KERNEL32.DLL+0x17034]
C  [ntdll.dll+0x52651]


---------------  P R O C E S S  ---------------

Threads class SMR info:
_java_thread_list=0x000001e661651680, length=0, elements={
}

Java Threads: ( => current thread )

Other Threads:
  0x000001e661857000 GCTaskThread "GC Thread#0" [stack: 0x000000251a200000,0x000000251a300000] [id=24284]
  0x000001e661888800 ConcurrentGCThread "G1 Main Marker" [stack: 0x000000251a300000,0x000000251a400000] [id=8028]
  0x000001e66188a800 ConcurrentGCThread "G1 Conc#0" [stack: 0x000000251a400000,0x000000251a500000] [id=25192]

[error occurred during error reporting (printing all threads), id 0xc0000005, EXCEPTION_ACCESS_VIOLATION (0xc0000005) at pc=0x00007ffa0f9e9107]

VM state:not at safepoint (not fully initialized)

VM Mutex/Monitor currently owned by a thread:  ([mutex/lock_event])
[0x000001e661840920] Heap_lock - owner thread: 0x000001e661844800

Heap address: 0x0000000082e00000, size: 2002 MB, Compressed Oops mode: Non-zero based: 0x0000000082e00000
Narrow klass base: 0x0000000000000000, Narrow klass shift: 0

GC Heap History (0 events):
No events

Deoptimization events (0 events):
No events

Classes redefined (0 events):
No events

Internal exceptions (0 events):
No events

Events (1 events):
Event: 0.005 Loaded shared library C:\Program Files\Android\Android Studio\jre\bin\zip.dll


Dynamic libraries:
0x00007ff685f10000 - 0x00007ff685f1a000 	C:\Program Files\Android\Android Studio\jre\bin\java.exe
0x00007ffa64530000 - 0x00007ffa64725000 	C:\WINDOWS\SYSTEM32\ntdll.dll
0x00007ffa633d0000 - 0x00007ffa6348e000 	C:\WINDOWS\System32\KERNEL32.DLL
0x00007ffa61fe0000 - 0x00007ffa622a8000 	C:\WINDOWS\System32\KERNELBASE.dll
0x00007ffa62490000 - 0x00007ffa62590000 	C:\WINDOWS\System32\ucrtbase.dll
0x00007ffa254c0000 - 0x00007ffa254d7000 	C:\Program Files\Android\Android Studio\jre\bin\VCRUNTIME140.dll
0x00007ffa258e0000 - 0x00007ffa258f9000 	C:\Program Files\Android\Android Studio\jre\bin\jli.dll
0x00007ffa640a0000 - 0x00007ffa64240000 	C:\WINDOWS\System32\USER32.dll
0x00007ffa61e70000 - 0x00007ffa61e92000 	C:\WINDOWS\System32\win32u.dll
0x00007ffa46a60000 - 0x00007ffa46cfa000 	C:\WINDOWS\WinSxS\amd64_microsoft.windows.common-controls_6595b64144ccf1df_6.0.19041.1110_none_60b5254171f9507e\COMCTL32.dll
0x00007ffa63320000 - 0x00007ffa633be000 	C:\WINDOWS\System32\msvcrt.dll
0x00007ffa62a00000 - 0x00007ffa62a2b000 	C:\WINDOWS\System32\GDI32.dll
0x00007ffa61d60000 - 0x00007ffa61e6b000 	C:\WINDOWS\System32\gdi32full.dll
0x00007ffa61c50000 - 0x00007ffa61ced000 	C:\WINDOWS\System32\msvcp_win.dll
0x00007ffa64450000 - 0x00007ffa64480000 	C:\WINDOWS\System32\IMM32.DLL
0x00007ffa149e0000 - 0x00007ffa14a7d000 	C:\Program Files\Android\Android Studio\jre\bin\msvcp140.dll
0x00007ffa0f700000 - 0x00007ffa101cf000 	C:\Program Files\Android\Android Studio\jre\bin\server\jvm.dll
0x00007ffa64240000 - 0x00007ffa642ee000 	C:\WINDOWS\System32\ADVAPI32.dll
0x00007ffa63f30000 - 0x00007ffa63fcc000 	C:\WINDOWS\System32\sechost.dll
0x00007ffa64320000 - 0x00007ffa64445000 	C:\WINDOWS\System32\RPCRT4.dll
0x00007ffa64310000 - 0x00007ffa64318000 	C:\WINDOWS\System32\PSAPI.DLL
0x00007ffa42090000 - 0x00007ffa42099000 	C:\WINDOWS\SYSTEM32\WSOCK32.dll
0x00007ffa4c620000 - 0x00007ffa4c647000 	C:\WINDOWS\SYSTEM32\WINMM.dll
0x00007ffa577e0000 - 0x00007ffa577ea000 	C:\WINDOWS\SYSTEM32\VERSION.dll
0x00007ffa64480000 - 0x00007ffa644eb000 	C:\WINDOWS\System32\WS2_32.dll
0x00007ffa5fb40000 - 0x00007ffa5fb52000 	C:\WINDOWS\SYSTEM32\kernel.appcore.dll
0x00007ffa4eef0000 - 0x00007ffa4ef01000 	C:\Program Files\Android\Android Studio\jre\bin\verify.dll
0x00007ffa5c3b0000 - 0x00007ffa5c594000 	C:\WINDOWS\SYSTEM32\DBGHELP.DLL
0x00007ffa4e300000 - 0x00007ffa4e32c000 	C:\WINDOWS\SYSTEM32\dbgcore.DLL
0x00007ffa61f50000 - 0x00007ffa61fd2000 	C:\WINDOWS\System32\bcryptPrimitives.dll
0x00007ffa40ef0000 - 0x00007ffa40f19000 	C:\Program Files\Android\Android Studio\jre\bin\java.dll
0x00007ffa57c20000 - 0x00007ffa57c2b000 	C:\Program Files\Android\Android Studio\jre\bin\jimage.dll
0x00007ffa4eed0000 - 0x00007ffa4eee8000 	C:\Program Files\Android\Android Studio\jre\bin\zip.dll

dbghelp: loaded successfully - version: 4.0.5 - missing functions: none
symbol engine: initialized successfully - sym options: 0x614 - pdb path: .;C:\Program Files\Android\Android Studio\jre\bin;C:\WINDOWS\SYSTEM32;C:\WINDOWS\WinSxS\amd64_microsoft.windows.common-controls_6595b64144ccf1df_6.0.19041.1110_none_60b5254171f9507e;C:\Program Files\Android\Android Studio\jre\bin\server

VM Arguments:
java_command: org.jetbrains.git4idea.http.GitAskPassApp Username for 'https://gitlab.groept.be': 
java_class_path (initial): C:/Program Files/Android/Android Studio/plugins/git4idea/lib/git4idea-rt.jar;C:/Program Files/Android/Android Studio/lib/xmlrpc-2.0.1.jar;C:/Program Files/Android/Android Studio/lib/commons-codec-1.14.jar
Launcher Type: SUN_STANDARD

[Global flags]
     intx CICompilerCount                          = 4                                         {product} {ergonomic}
     uint ConcGCThreads                            = 2                                         {product} {ergonomic}
     uint G1ConcRefinementThreads                  = 8                                         {product} {ergonomic}
   size_t G1HeapRegionSize                         = 1048576                                   {product} {ergonomic}
    uintx GCDrainStackTargetSize                   = 64                                        {product} {ergonomic}
   size_t InitialHeapSize                          = 132120576                                 {product} {ergonomic}
   size_t MarkStackSize                            = 4194304                                   {product} {ergonomic}
   size_t MaxHeapSize                              = 2099249152                                {product} {ergonomic}
   size_t MinHeapDeltaBytes                        = 1048576                                   {product} {ergonomic}
    uintx NonNMethodCodeHeapSize                   = 5836300                                {pd product} {ergonomic}
    uintx NonProfiledCodeHeapSize                  = 122910970                              {pd product} {ergonomic}
    uintx ProfiledCodeHeapSize                     = 122910970                              {pd product} {ergonomic}
    uintx ReservedCodeCacheSize                    = 251658240                              {pd product} {ergonomic}
     bool SegmentedCodeCache                       = true                                      {product} {ergonomic}
     bool UseCompressedClassPointers               = true                                 {lp64_product} {ergonomic}
     bool UseCompressedOops                        = true                                 {lp64_product} {ergonomic}
     bool UseG1GC                                  = true                                      {product} {ergonomic}
     bool UseLargePagesIndividualAllocation        = false                                  {pd product} {ergonomic}

Logging:
Log output configuration:
 #0: stdout all=warning uptime,level,tags
 #1: stderr all=off uptime,level,tags

Environment Variables:
PATH=C:\Program Files\Git\mingw64\libexec\git-core;C:\Program Files\Git\mingw64\libexec\git-core;C:\Program Files\Git\mingw64\bin;C:\Program Files\Git\usr\bin;C:\Users\2001r\bin;C:\Program Files (x86)\Common Files\Intel\Shared Libraries\redist\intel64\compiler;C:\Program Files (x86)\Intel\Intel(R) Management Engine Components\iCLS;C:\Program Files\Intel\Intel(R) Management Engine Components\iCLS;C:\Windows\system32;C:\Windows;C:\Windows\System32\Wbem;C:\Windows\System32\WindowsPowerShell\v1.0;C:\Windows\System32\OpenSSH;C:\Program Files (x86)\NVIDIA Corporation\PhysX\Common;C:\Program Files (x86)\Intel\Intel(R) Management Engine Components\DAL;C:\Program Files\Intel\Intel(R) Management Engine Components\DAL;C:\WINDOWS\system32;C:\WINDOWS;C:\WINDOWS\System32\Wbem;C:\WINDOWS\System32\WindowsPowerShell\v1.0;C:\WINDOWS\System32\OpenSSH;C:\Program Files\Intel\WiFi\bin;C:\Program Files\Common Files\Intel\WirelessCommon;C:\Program Files\Microsoft SQL Server\Client SDK\ODBC\110\Tools\Binn;C:\Program Files (x86)\Microsoft SQL Server\120\Tools\Binn;C:\Program Files\Microsoft SQL Server\120\Tools\Binn;C:\Program Files\Microsoft SQL Server\120\DTS\Binn;C:\Program Files (x86)\Windows Kits\8.1\Windows Performance Toolkit;C:\Program Files (x86)\IVI Foundation\VISA\WinNT\Bin;C:\Program Files\IVI Foundation\VISA\Win64\Bin;C:\Program Files (x86)\National Instruments\Shared\LabVIEW CLI;C:\Program Files (x86)\IVI Foundation\VISA\WinNT\Bin;C:\Program Files\NVIDIA Corporation\NVIDIA NvDLISR;C:\Program Files\Microchip\xc8\v2.32\bin;C:\Program Files\MATLAB\R2021b\bin;C:\Program Files\Git\cmd;C:\Users\2001r\AppData\Local\Microsoft\WindowsApps
USERNAME=Rebecca
DISPLAY=:0.0
LC_ALL=en_US.UTF-8
OS=Windows_NT
PROCESSOR_IDENTIFIER=Intel64 Family 6 Model 142 Stepping 11, GenuineIntel



---------------  S Y S T E M  ---------------

OS: Windows 10 , 64 bit Build 19041 (10.0.19041.1566)
OS uptime: 3 days 0:36 hours

CPU:total 8 (initial active 8) (4 cores per cpu, 2 threads per core) family 6 model 142 stepping 11 microcode 0xb8, cmov, cx8, fxsr, mmx, sse, sse2, sse3, ssse3, sse4.1, sse4.2, popcnt, avx, avx2, aes, clmul, erms, 3dnowpref, lzcnt, ht, tsc, tscinvbit, bmi1, bmi2, adx, fma

Memory: 4k page, system-wide physical 8005M (722M free)
TotalPageFile size 18005M (AvailPageFile size 22M)
current process WorkingSet (physical memory assigned to process): 10M, peak: 10M
current process commit charge ("private bytes"): 60M, peak: 185M

vm_info: OpenJDK 64-Bit Server VM (11.0.10+0-b96-7249189) for windows-amd64 JRE (11.0.10+0-b96-7249189), built on Mar 31 2021 21:44:00 by "builder" with MS VC++ 14.0 (VS2015)

END.
